TpTrace Verbose: 0 : 21524, 1, 2022/02/08, 19:04:01.853, 6145441436687, vstest.console.dll, Version: 16.11.0-release-20210626-04
TpTrace Information: 0 : 21524, 1, 2022/02/08, 19:04:01.873, 6145441606173, vstest.console.dll, FilePatternParser: The given file D:\Office\COTFramework\COT.API\COT.UnitTest\bin\Debug\netcoreapp3.1\fine-code-coverage\build-output\COT.UnitTest.dll is a full path.
TpTrace Verbose: 0 : 21524, 1, 2022/02/08, 19:04:01.893, 6145441807158, vstest.console.dll, TestPluginCache.DiscoverTestExtensions: finding test extensions in assemblies ends with: RuntimeProvider.dll TPluginInfo: Microsoft.VisualStudio.TestPlatform.Common.ExtensionFramework.Utilities.TestRuntimePluginInformation TExtension: Microsoft.VisualStudio.TestPlatform.ObjectModel.Host.ITestRuntimeProvider
TpTrace Verbose: 0 : 21524, 1, 2022/02/08, 19:04:01.893, 6145441814583, vstest.console.dll, TestPluginCache.GetExtensionPaths: Filtered extension paths: 
TpTrace Verbose: 0 : 21524, 1, 2022/02/08, 19:04:01.894, 6145441816785, vstest.console.dll, TestPluginCache.GetExtensionPaths: Added default extension paths: C:\Program Files\dotnet\sdk\5.0.400\Extensions\Microsoft.Diagnostics.NETCore.Client.dll
C:\Program Files\dotnet\sdk\5.0.400\Extensions\Microsoft.TestPlatform.Extensions.BlameDataCollector.dll
C:\Program Files\dotnet\sdk\5.0.400\Extensions\Microsoft.TestPlatform.Extensions.EventLogCollector.dll
C:\Program Files\dotnet\sdk\5.0.400\Extensions\Microsoft.TestPlatform.TestHostRuntimeProvider.dll
C:\Program Files\dotnet\sdk\5.0.400\Extensions\Microsoft.VisualStudio.TestPlatform.Extensions.Html.TestLogger.dll
C:\Program Files\dotnet\sdk\5.0.400\Extensions\Microsoft.VisualStudio.TestPlatform.Extensions.Trx.TestLogger.dll
TpTrace Verbose: 0 : 21524, 1, 2022/02/08, 19:04:01.894, 6145441817519, vstest.console.dll, TestPluginCache.GetExtensionPaths: Added unfilterableExtensionPaths: 
TpTrace Information: 0 : 21524, 1, 2022/02/08, 19:04:01.895, 6145441830725, vstest.console.dll, AssemblyResolver.ctor: Creating AssemblyResolver with searchDirectories C:\Program Files\dotnet\sdk\5.0.400\Extensions,C:\Program Files\dotnet\sdk\5.0.400
TpTrace Verbose: 0 : 21524, 1, 2022/02/08, 19:04:01.898, 6145441863552, vstest.console.dll, TestPluginCache.DiscoverTestExtensions: Discovering the extensions using extension path.
TpTrace Verbose: 0 : 21524, 1, 2022/02/08, 19:04:01.899, 6145441866778, vstest.console.dll, TestPluginCache.GetExtensionPaths: Filtered extension paths: 
TpTrace Verbose: 0 : 21524, 1, 2022/02/08, 19:04:01.899, 6145441868112, vstest.console.dll, TestPluginCache.GetExtensionPaths: Added default extension paths: C:\Program Files\dotnet\sdk\5.0.400\Extensions\Microsoft.Diagnostics.NETCore.Client.dll
C:\Program Files\dotnet\sdk\5.0.400\Extensions\Microsoft.TestPlatform.Extensions.BlameDataCollector.dll
C:\Program Files\dotnet\sdk\5.0.400\Extensions\Microsoft.TestPlatform.Extensions.EventLogCollector.dll
C:\Program Files\dotnet\sdk\5.0.400\Extensions\Microsoft.TestPlatform.TestHostRuntimeProvider.dll
C:\Program Files\dotnet\sdk\5.0.400\Extensions\Microsoft.VisualStudio.TestPlatform.Extensions.Html.TestLogger.dll
C:\Program Files\dotnet\sdk\5.0.400\Extensions\Microsoft.VisualStudio.TestPlatform.Extensions.Trx.TestLogger.dll
TpTrace Verbose: 0 : 21524, 1, 2022/02/08, 19:04:01.899, 6145441869103, vstest.console.dll, TestPluginCache.GetExtensionPaths: Added unfilterableExtensionPaths: 
TpTrace Verbose: 0 : 21524, 1, 2022/02/08, 19:04:01.899, 6145441870911, vstest.console.dll, TestPluginCache.DiscoverTestExtensions: Discovering the extensions using allExtensionPaths: C:\Program Files\dotnet\sdk\5.0.400\Extensions\Microsoft.Diagnostics.NETCore.Client.dll
C:\Program Files\dotnet\sdk\5.0.400\Extensions\Microsoft.TestPlatform.Extensions.BlameDataCollector.dll
C:\Program Files\dotnet\sdk\5.0.400\Extensions\Microsoft.TestPlatform.Extensions.EventLogCollector.dll
C:\Program Files\dotnet\sdk\5.0.400\Extensions\Microsoft.TestPlatform.TestHostRuntimeProvider.dll
C:\Program Files\dotnet\sdk\5.0.400\Extensions\Microsoft.VisualStudio.TestPlatform.Extensions.Html.TestLogger.dll
C:\Program Files\dotnet\sdk\5.0.400\Extensions\Microsoft.VisualStudio.TestPlatform.Extensions.Trx.TestLogger.dll
TpTrace Information: 0 : 21524, 1, 2022/02/08, 19:04:01.899, 6145441874809, vstest.console.dll, AssemblyResolver.AddSearchDirectories: Adding more searchDirectories C:\Program Files\dotnet\sdk\5.0.400\Extensions,C:\Program Files\dotnet\sdk\5.0.400
TpTrace Information: 0 : 21524, 1, 2022/02/08, 19:04:01.900, 6145441876410, vstest.console.dll, AssemblyResolver.AddSearchDirectories: Adding more searchDirectories C:\Program Files\dotnet\sdk\5.0.400\Extensions,C:\Program Files\dotnet\sdk\5.0.400
TpTrace Information: 0 : 21524, 1, 2022/02/08, 19:04:01.900, 6145441877527, vstest.console.dll, AssemblyResolver.AddSearchDirectories: Adding more searchDirectories C:\Program Files\dotnet\sdk\5.0.400\Extensions,C:\Program Files\dotnet\sdk\5.0.400
TpTrace Information: 0 : 21524, 1, 2022/02/08, 19:04:01.900, 6145441878332, vstest.console.dll, AssemblyResolver.AddSearchDirectories: Adding more searchDirectories C:\Program Files\dotnet\sdk\5.0.400\Extensions,C:\Program Files\dotnet\sdk\5.0.400
TpTrace Information: 0 : 21524, 1, 2022/02/08, 19:04:01.900, 6145441879123, vstest.console.dll, AssemblyResolver.AddSearchDirectories: Adding more searchDirectories C:\Program Files\dotnet\sdk\5.0.400\Extensions,C:\Program Files\dotnet\sdk\5.0.400
TpTrace Information: 0 : 21524, 1, 2022/02/08, 19:04:01.900, 6145441880177, vstest.console.dll, AssemblyResolver.AddSearchDirectories: Adding more searchDirectories C:\Program Files\dotnet\sdk\5.0.400\Extensions,C:\Program Files\dotnet\sdk\5.0.400
TpTrace Information: 0 : 21524, 1, 2022/02/08, 19:04:01.902, 6145441900984, vstest.console.dll, AssemblyResolver.OnResolve: Microsoft.Diagnostics.NETCore.Client: Resolving assembly.
TpTrace Information: 0 : 21524, 1, 2022/02/08, 19:04:01.902, 6145441905743, vstest.console.dll, AssemblyResolver.OnResolve: Microsoft.Diagnostics.NETCore.Client: Searching in: 'C:\Program Files\dotnet\sdk\5.0.400\Extensions'.
TpTrace Information: 0 : 21524, 1, 2022/02/08, 19:04:01.905, 6145441934919, vstest.console.dll, AssemblyResolver.OnResolve: Microsoft.Diagnostics.NETCore.Client: Loading assembly 'C:\Program Files\dotnet\sdk\5.0.400\Extensions\Microsoft.Diagnostics.NETCore.Client.dll'.
TpTrace Information: 0 : 21524, 1, 2022/02/08, 19:04:01.908, 6145441959601, vstest.console.dll, AssemblyResolver.OnResolve: Resolved assembly: Microsoft.Diagnostics.NETCore.Client, from path: C:\Program Files\dotnet\sdk\5.0.400\Extensions\Microsoft.Diagnostics.NETCore.Client.dll
TpTrace Information: 0 : 21524, 1, 2022/02/08, 19:04:01.920, 6145442076865, vstest.console.dll, AssemblyResolver.OnResolve: Microsoft.Bcl.AsyncInterfaces: Resolving assembly.
TpTrace Information: 0 : 21524, 1, 2022/02/08, 19:04:01.920, 6145442079574, vstest.console.dll, AssemblyResolver.OnResolve: Microsoft.Bcl.AsyncInterfaces: Searching in: 'C:\Program Files\dotnet\sdk\5.0.400\Extensions'.
TpTrace Information: 0 : 21524, 1, 2022/02/08, 19:04:01.920, 6145442082113, vstest.console.dll, AssemblyResolver.OnResolve: Microsoft.Bcl.AsyncInterfaces: Assembly path does not exist: 'C:\Program Files\dotnet\sdk\5.0.400\Extensions\Microsoft.Bcl.AsyncInterfaces.dll', returning.
TpTrace Information: 0 : 21524, 1, 2022/02/08, 19:04:01.920, 6145442084066, vstest.console.dll, AssemblyResolver.OnResolve: Microsoft.Bcl.AsyncInterfaces: Assembly path does not exist: 'C:\Program Files\dotnet\sdk\5.0.400\Extensions\Microsoft.Bcl.AsyncInterfaces.exe', returning.
TpTrace Information: 0 : 21524, 1, 2022/02/08, 19:04:01.920, 6145442085082, vstest.console.dll, AssemblyResolver.OnResolve: Microsoft.Bcl.AsyncInterfaces: Searching in: 'C:\Program Files\dotnet\sdk\5.0.400'.
TpTrace Information: 0 : 21524, 1, 2022/02/08, 19:04:01.921, 6145442087135, vstest.console.dll, AssemblyResolver.OnResolve: Microsoft.Bcl.AsyncInterfaces: Assembly path does not exist: 'C:\Program Files\dotnet\sdk\5.0.400\Microsoft.Bcl.AsyncInterfaces.dll', returning.
TpTrace Information: 0 : 21524, 1, 2022/02/08, 19:04:01.921, 6145442088831, vstest.console.dll, AssemblyResolver.OnResolve: Microsoft.Bcl.AsyncInterfaces: Assembly path does not exist: 'C:\Program Files\dotnet\sdk\5.0.400\Microsoft.Bcl.AsyncInterfaces.exe', returning.
TpTrace Information: 0 : 21524, 1, 2022/02/08, 19:04:01.921, 6145442091049, vstest.console.dll, AssemblyResolver.OnResolve: Microsoft.Bcl.AsyncInterfaces: Failed to load assembly.
TpTrace Verbose: 0 : 21524, 1, 2022/02/08, 19:04:01.921, 6145442092533, vstest.console.dll, CurrentDomainAssemblyResolve: Resolving assembly 'Microsoft.Bcl.AsyncInterfaces'.
TpTrace Information: 0 : 21524, 1, 2022/02/08, 19:04:01.921, 6145442095706, vstest.console.dll, AssemblyResolver.OnResolve: Microsoft.Bcl.AsyncInterfaces: Resolving assembly.
TpTrace Information: 0 : 21524, 1, 2022/02/08, 19:04:01.922, 6145442097055, vstest.console.dll, AssemblyResolver.OnResolve: Microsoft.Bcl.AsyncInterfaces: Resolved from cache.
TpTrace Verbose: 0 : 21524, 1, 2022/02/08, 19:04:01.922, 6145442098032, vstest.console.dll, CurrentDomainAssemblyResolve: Resolving assembly 'Microsoft.Bcl.AsyncInterfaces'.
TpTrace Verbose: 0 : 21524, 1, 2022/02/08, 19:04:01.922, 6145442099055, vstest.console.dll, CurrentDomainAssemblyResolve: Failed to resolve assembly 'Microsoft.Bcl.AsyncInterfaces'.
TpTrace Verbose: 0 : 21524, 1, 2022/02/08, 19:04:01.928, 6145442164434, vstest.console.dll, CurrentDomainAssemblyResolve: Failed to resolve assembly 'Microsoft.Bcl.AsyncInterfaces'.
TpTrace Warning: 0 : 21524, 1, 2022/02/08, 19:04:02.001, 6145442888026, vstest.console.dll, TestPluginDiscoverer: Failed to get types from assembly 'Microsoft.Diagnostics.NETCore.Client, Version=0.2.2.41902, Culture=neutral, PublicKeyToken=31bf3856ad364e35'.  Skipping test extension scan for this assembly.  Error: System.Reflection.ReflectionTypeLoadException: Unable to load one or more of the requested types.
Could not load file or assembly 'Microsoft.Bcl.AsyncInterfaces, Version=1.0.0.0, Culture=neutral, PublicKeyToken=cc7b13ffcd2ddd51'. The system cannot find the file specified.
   at System.Reflection.RuntimeModule.GetTypes(RuntimeModule module)
   at System.Reflection.RuntimeModule.GetTypes()
   at System.Reflection.Assembly.GetTypes()
   at Microsoft.VisualStudio.TestPlatform.Common.ExtensionFramework.TestPluginDiscoverer.GetTestExtensionsFromAssembly[TPluginInfo,TExtension](Assembly assembly, Dictionary`2 pluginInfos)
System.IO.FileNotFoundException: Could not load file or assembly 'Microsoft.Bcl.AsyncInterfaces, Version=1.0.0.0, Culture=neutral, PublicKeyToken=cc7b13ffcd2ddd51'. The system cannot find the file specified.
File name: 'Microsoft.Bcl.AsyncInterfaces, Version=1.0.0.0, Culture=neutral, PublicKeyToken=cc7b13ffcd2ddd51'
TpTrace Warning: 0 : 21524, 1, 2022/02/08, 19:04:02.001, 6145442890007, vstest.console.dll, LoaderExceptions: System.IO.FileNotFoundException: Could not load file or assembly 'Microsoft.Bcl.AsyncInterfaces, Version=1.0.0.0, Culture=neutral, PublicKeyToken=cc7b13ffcd2ddd51'. The system cannot find the file specified.
File name: 'Microsoft.Bcl.AsyncInterfaces, Version=1.0.0.0, Culture=neutral, PublicKeyToken=cc7b13ffcd2ddd51'
TpTrace Information: 0 : 21524, 1, 2022/02/08, 19:04:02.001, 6145442891983, vstest.console.dll, AssemblyResolver.OnResolve: Microsoft.TestPlatform.Extensions.BlameDataCollector: Resolving assembly.
TpTrace Information: 0 : 21524, 1, 2022/02/08, 19:04:02.001, 6145442892745, vstest.console.dll, AssemblyResolver.OnResolve: Microsoft.TestPlatform.Extensions.BlameDataCollector: Searching in: 'C:\Program Files\dotnet\sdk\5.0.400\Extensions'.
TpTrace Information: 0 : 21524, 1, 2022/02/08, 19:04:02.003, 6145442912912, vstest.console.dll, AssemblyResolver.OnResolve: Microsoft.TestPlatform.Extensions.BlameDataCollector: Loading assembly 'C:\Program Files\dotnet\sdk\5.0.400\Extensions\Microsoft.TestPlatform.Extensions.BlameDataCollector.dll'.
TpTrace Information: 0 : 21524, 1, 2022/02/08, 19:04:02.005, 6145442932957, vstest.console.dll, AssemblyResolver.OnResolve: Resolved assembly: Microsoft.TestPlatform.Extensions.BlameDataCollector, from path: C:\Program Files\dotnet\sdk\5.0.400\Extensions\Microsoft.TestPlatform.Extensions.BlameDataCollector.dll
TpTrace Information: 0 : 21524, 1, 2022/02/08, 19:04:02.007, 6145442954766, vstest.console.dll, AssemblyResolver.OnResolve: Microsoft.TestPlatform.Extensions.EventLogCollector: Resolving assembly.
TpTrace Information: 0 : 21524, 1, 2022/02/08, 19:04:02.008, 6145442956342, vstest.console.dll, AssemblyResolver.OnResolve: Microsoft.TestPlatform.Extensions.EventLogCollector: Searching in: 'C:\Program Files\dotnet\sdk\5.0.400\Extensions'.
TpTrace Information: 0 : 21524, 1, 2022/02/08, 19:04:02.009, 6145442971559, vstest.console.dll, AssemblyResolver.OnResolve: Microsoft.TestPlatform.Extensions.EventLogCollector: Loading assembly 'C:\Program Files\dotnet\sdk\5.0.400\Extensions\Microsoft.TestPlatform.Extensions.EventLogCollector.dll'.
TpTrace Information: 0 : 21524, 1, 2022/02/08, 19:04:02.010, 6145442983863, vstest.console.dll, AssemblyResolver.OnResolve: Resolved assembly: Microsoft.TestPlatform.Extensions.EventLogCollector, from path: C:\Program Files\dotnet\sdk\5.0.400\Extensions\Microsoft.TestPlatform.Extensions.EventLogCollector.dll
TpTrace Information: 0 : 21524, 1, 2022/02/08, 19:04:02.017, 6145443049579, vstest.console.dll, AssemblyResolver.OnResolve: Microsoft.TestPlatform.TestHostRuntimeProvider: Resolving assembly.
TpTrace Information: 0 : 21524, 1, 2022/02/08, 19:04:02.017, 6145443051300, vstest.console.dll, AssemblyResolver.OnResolve: Microsoft.TestPlatform.TestHostRuntimeProvider: Searching in: 'C:\Program Files\dotnet\sdk\5.0.400\Extensions'.
TpTrace Information: 0 : 21524, 1, 2022/02/08, 19:04:02.019, 6145443072787, vstest.console.dll, AssemblyResolver.OnResolve: Microsoft.TestPlatform.TestHostRuntimeProvider: Loading assembly 'C:\Program Files\dotnet\sdk\5.0.400\Extensions\Microsoft.TestPlatform.TestHostRuntimeProvider.dll'.
TpTrace Information: 0 : 21524, 1, 2022/02/08, 19:04:02.021, 6145443086479, vstest.console.dll, AssemblyResolver.OnResolve: Resolved assembly: Microsoft.TestPlatform.TestHostRuntimeProvider, from path: C:\Program Files\dotnet\sdk\5.0.400\Extensions\Microsoft.TestPlatform.TestHostRuntimeProvider.dll
TpTrace Information: 0 : 21524, 1, 2022/02/08, 19:04:02.023, 6145443113607, vstest.console.dll, AssemblyResolver.OnResolve: Microsoft.VisualStudio.TestPlatform.Extensions.Html.TestLogger: Resolving assembly.
TpTrace Information: 0 : 21524, 1, 2022/02/08, 19:04:02.023, 6145443115343, vstest.console.dll, AssemblyResolver.OnResolve: Microsoft.VisualStudio.TestPlatform.Extensions.Html.TestLogger: Searching in: 'C:\Program Files\dotnet\sdk\5.0.400\Extensions'.
TpTrace Information: 0 : 21524, 1, 2022/02/08, 19:04:02.025, 6145443129390, vstest.console.dll, AssemblyResolver.OnResolve: Microsoft.VisualStudio.TestPlatform.Extensions.Html.TestLogger: Loading assembly 'C:\Program Files\dotnet\sdk\5.0.400\Extensions\Microsoft.VisualStudio.TestPlatform.Extensions.Html.TestLogger.dll'.
TpTrace Information: 0 : 21524, 1, 2022/02/08, 19:04:02.027, 6145443147662, vstest.console.dll, AssemblyResolver.OnResolve: Resolved assembly: Microsoft.VisualStudio.TestPlatform.Extensions.Html.TestLogger, from path: C:\Program Files\dotnet\sdk\5.0.400\Extensions\Microsoft.VisualStudio.TestPlatform.Extensions.Html.TestLogger.dll
TpTrace Information: 0 : 21524, 1, 2022/02/08, 19:04:02.027, 6145443155681, vstest.console.dll, AssemblyResolver.OnResolve: Microsoft.VisualStudio.TestPlatform.Extensions.Trx.TestLogger: Resolving assembly.
TpTrace Information: 0 : 21524, 1, 2022/02/08, 19:04:02.028, 6145443157298, vstest.console.dll, AssemblyResolver.OnResolve: Microsoft.VisualStudio.TestPlatform.Extensions.Trx.TestLogger: Searching in: 'C:\Program Files\dotnet\sdk\5.0.400\Extensions'.
TpTrace Information: 0 : 21524, 1, 2022/02/08, 19:04:02.030, 6145443183547, vstest.console.dll, AssemblyResolver.OnResolve: Microsoft.VisualStudio.TestPlatform.Extensions.Trx.TestLogger: Loading assembly 'C:\Program Files\dotnet\sdk\5.0.400\Extensions\Microsoft.VisualStudio.TestPlatform.Extensions.Trx.TestLogger.dll'.
TpTrace Information: 0 : 21524, 1, 2022/02/08, 19:04:02.032, 6145443205570, vstest.console.dll, AssemblyResolver.OnResolve: Resolved assembly: Microsoft.VisualStudio.TestPlatform.Extensions.Trx.TestLogger, from path: C:\Program Files\dotnet\sdk\5.0.400\Extensions\Microsoft.VisualStudio.TestPlatform.Extensions.Trx.TestLogger.dll
TpTrace Verbose: 0 : 21524, 1, 2022/02/08, 19:04:02.034, 6145443218991, vstest.console.dll, TestPluginCache: Discovered the extensions using extension path ''.
TpTrace Verbose: 0 : 21524, 1, 2022/02/08, 19:04:02.034, 6145443220939, vstest.console.dll, TestPluginCache: Discoverers are ''.
TpTrace Verbose: 0 : 21524, 1, 2022/02/08, 19:04:02.034, 6145443221840, vstest.console.dll, TestPluginCache: Executors are ''.
TpTrace Verbose: 0 : 21524, 1, 2022/02/08, 19:04:02.034, 6145443222541, vstest.console.dll, TestPluginCache: Executors2 are ''.
TpTrace Verbose: 0 : 21524, 1, 2022/02/08, 19:04:02.034, 6145443223257, vstest.console.dll, TestPluginCache: Setting providers are ''.
TpTrace Verbose: 0 : 21524, 1, 2022/02/08, 19:04:02.034, 6145443224196, vstest.console.dll, TestPluginCache: Loggers are ''.
TpTrace Information: 0 : 21524, 1, 2022/02/08, 19:04:02.045, 6145443327976, vstest.console.dll, RunTestsArgumentProcessor:Execute: Test run is starting.
TpTrace Verbose: 0 : 21524, 1, 2022/02/08, 19:04:02.045, 6145443329595, vstest.console.dll, RunTestsArgumentProcessor:Execute: Queuing Test run.
TpTrace Information: 0 : 21524, 1, 2022/02/08, 19:04:02.046, 6145443344692, vstest.console.dll, TestRequestManager.RunTests: run tests started.
TpTrace Information: 0 : 21524, 1, 2022/02/08, 19:04:02.054, 6145443424181, vstest.console.dll, AssemblyMetadataProvider.GetFrameWork: Determined framework:'.NETCoreApp,Version=v3.1' for source: 'D:\Office\COTFramework\COT.API\COT.UnitTest\bin\Debug\netcoreapp3.1\fine-code-coverage\build-output\COT.UnitTest.dll'
TpTrace Information: 0 : 21524, 1, 2022/02/08, 19:04:02.055, 6145443427574, vstest.console.dll, Determined framework for all sources: .NETCoreApp,Version=v3.1
TpTrace Information: 0 : 21524, 1, 2022/02/08, 19:04:02.055, 6145443434719, vstest.console.dll, AssemblyMetadataProvider.GetArchitecture: Determined architecture:AnyCPU info for assembly: D:\Office\COTFramework\COT.API\COT.UnitTest\bin\Debug\netcoreapp3.1\fine-code-coverage\build-output\COT.UnitTest.dll
TpTrace Information: 0 : 21524, 1, 2022/02/08, 19:04:02.059, 6145443474520, vstest.console.dll, Determined platform for all sources: X64
TpTrace Information: 0 : 21524, 1, 2022/02/08, 19:04:02.064, 6145443522242, vstest.console.dll, Compatible sources list : 
TpTrace Information: 0 : 21524, 1, 2022/02/08, 19:04:02.064, 6145443524130, vstest.console.dll, D:\Office\COTFramework\COT.API\COT.UnitTest\bin\Debug\netcoreapp3.1\fine-code-coverage\build-output\COT.UnitTest.dll
TpTrace Information: 0 : 21524, 1, 2022/02/08, 19:04:02.070, 6145443582193, vstest.console.dll, InferRunSettingsHelper.IsTestSettingsEnabled: Unable to navigate to RunSettings/MSTest. Current node: RunSettings
TpTrace Information: 0 : 21524, 1, 2022/02/08, 19:04:02.071, 6145443592924, vstest.console.dll, AssemblyResolver.OnResolve: Microsoft.VisualStudio.TestPlatform.Fakes: Resolving assembly.
TpTrace Information: 0 : 21524, 1, 2022/02/08, 19:04:02.071, 6145443594809, vstest.console.dll, AssemblyResolver.OnResolve: Microsoft.VisualStudio.TestPlatform.Fakes: Searching in: 'C:\Program Files\dotnet\sdk\5.0.400\Extensions'.
TpTrace Information: 0 : 21524, 1, 2022/02/08, 19:04:02.072, 6145443596574, vstest.console.dll, AssemblyResolver.OnResolve: Microsoft.VisualStudio.TestPlatform.Fakes: Assembly path does not exist: 'C:\Program Files\dotnet\sdk\5.0.400\Extensions\Microsoft.VisualStudio.TestPlatform.Fakes.dll', returning.
TpTrace Information: 0 : 21524, 1, 2022/02/08, 19:04:02.072, 6145443597774, vstest.console.dll, AssemblyResolver.OnResolve: Microsoft.VisualStudio.TestPlatform.Fakes: Assembly path does not exist: 'C:\Program Files\dotnet\sdk\5.0.400\Extensions\Microsoft.VisualStudio.TestPlatform.Fakes.exe', returning.
TpTrace Information: 0 : 21524, 1, 2022/02/08, 19:04:02.072, 6145443598473, vstest.console.dll, AssemblyResolver.OnResolve: Microsoft.VisualStudio.TestPlatform.Fakes: Searching in: 'C:\Program Files\dotnet\sdk\5.0.400'.
TpTrace Information: 0 : 21524, 1, 2022/02/08, 19:04:02.072, 6145443599674, vstest.console.dll, AssemblyResolver.OnResolve: Microsoft.VisualStudio.TestPlatform.Fakes: Assembly path does not exist: 'C:\Program Files\dotnet\sdk\5.0.400\Microsoft.VisualStudio.TestPlatform.Fakes.dll', returning.
TpTrace Information: 0 : 21524, 1, 2022/02/08, 19:04:02.072, 6145443600861, vstest.console.dll, AssemblyResolver.OnResolve: Microsoft.VisualStudio.TestPlatform.Fakes: Assembly path does not exist: 'C:\Program Files\dotnet\sdk\5.0.400\Microsoft.VisualStudio.TestPlatform.Fakes.exe', returning.
TpTrace Information: 0 : 21524, 1, 2022/02/08, 19:04:02.072, 6145443601445, vstest.console.dll, AssemblyResolver.OnResolve: Microsoft.VisualStudio.TestPlatform.Fakes: Failed to load assembly.
TpTrace Information: 0 : 21524, 1, 2022/02/08, 19:04:02.074, 6145443619233, vstest.console.dll, Failed to create newly implemented Fakes Configurator. Reason:System.IO.FileNotFoundException: Could not load file or assembly 'Microsoft.VisualStudio.TestPlatform.Fakes, Version=16.0.0.0, Culture=neutral, PublicKeyToken=null'. The system cannot find the file specified.
File name: 'Microsoft.VisualStudio.TestPlatform.Fakes, Version=16.0.0.0, Culture=neutral, PublicKeyToken=null'
   at System.Reflection.RuntimeAssembly.InternalLoad(ObjectHandleOnStack assemblyName, ObjectHandleOnStack requestingAssembly, StackCrawlMarkHandle stackMark, Boolean throwOnFileNotFound, ObjectHandleOnStack assemblyLoadContext, ObjectHandleOnStack retAssembly)
   at System.Reflection.RuntimeAssembly.InternalLoad(AssemblyName assemblyName, RuntimeAssembly requestingAssembly, StackCrawlMark& stackMark, Boolean throwOnFileNotFound, AssemblyLoadContext assemblyLoadContext)
   at System.Reflection.Assembly.Load(AssemblyName assemblyRef)
   at Microsoft.VisualStudio.TestPlatform.Common.Utilities.FakesUtilities.TryGetFakesCrossPlatformDataCollectorConfigurator() 
TpTrace Verbose: 0 : 21524, 1, 2022/02/08, 19:04:02.082, 6145443701012, vstest.console.dll, TestPluginCache.DiscoverTestExtensions: finding test extensions in assemblies ends with: TestLogger.dll TPluginInfo: Microsoft.VisualStudio.TestPlatform.Common.ExtensionFramework.Utilities.TestLoggerPluginInformation TExtension: Microsoft.VisualStudio.TestPlatform.ObjectModel.Client.ITestLogger
TpTrace Verbose: 0 : 21524, 1, 2022/02/08, 19:04:02.082, 6145443703128, vstest.console.dll, TestPluginCache.GetExtensionPaths: Filtered extension paths: 
TpTrace Verbose: 0 : 21524, 1, 2022/02/08, 19:04:02.082, 6145443704401, vstest.console.dll, TestPluginCache.GetExtensionPaths: Added default extension paths: C:\Program Files\dotnet\sdk\5.0.400\Extensions\Microsoft.Diagnostics.NETCore.Client.dll
C:\Program Files\dotnet\sdk\5.0.400\Extensions\Microsoft.TestPlatform.Extensions.BlameDataCollector.dll
C:\Program Files\dotnet\sdk\5.0.400\Extensions\Microsoft.TestPlatform.Extensions.EventLogCollector.dll
C:\Program Files\dotnet\sdk\5.0.400\Extensions\Microsoft.TestPlatform.TestHostRuntimeProvider.dll
C:\Program Files\dotnet\sdk\5.0.400\Extensions\Microsoft.VisualStudio.TestPlatform.Extensions.Html.TestLogger.dll
C:\Program Files\dotnet\sdk\5.0.400\Extensions\Microsoft.VisualStudio.TestPlatform.Extensions.Trx.TestLogger.dll
TpTrace Verbose: 0 : 21524, 1, 2022/02/08, 19:04:02.082, 6145443705846, vstest.console.dll, TestPluginCache.GetExtensionPaths: Added unfilterableExtensionPaths: 
TpTrace Information: 0 : 21524, 1, 2022/02/08, 19:04:02.083, 6145443709543, vstest.console.dll, AssemblyResolver.AddSearchDirectories: Adding more searchDirectories C:\Program Files\dotnet\sdk\5.0.400\Extensions,C:\Program Files\dotnet\sdk\5.0.400
TpTrace Verbose: 0 : 21524, 1, 2022/02/08, 19:04:02.083, 6145443710975, vstest.console.dll, TestPluginCache.DiscoverTestExtensions: Discovering the extensions using extension path.
TpTrace Verbose: 0 : 21524, 1, 2022/02/08, 19:04:02.083, 6145443711912, vstest.console.dll, TestPluginCache.GetExtensionPaths: Filtered extension paths: 
TpTrace Verbose: 0 : 21524, 1, 2022/02/08, 19:04:02.083, 6145443713079, vstest.console.dll, TestPluginCache.GetExtensionPaths: Added default extension paths: C:\Program Files\dotnet\sdk\5.0.400\Extensions\Microsoft.Diagnostics.NETCore.Client.dll
C:\Program Files\dotnet\sdk\5.0.400\Extensions\Microsoft.TestPlatform.Extensions.BlameDataCollector.dll
C:\Program Files\dotnet\sdk\5.0.400\Extensions\Microsoft.TestPlatform.Extensions.EventLogCollector.dll
C:\Program Files\dotnet\sdk\5.0.400\Extensions\Microsoft.TestPlatform.TestHostRuntimeProvider.dll
C:\Program Files\dotnet\sdk\5.0.400\Extensions\Microsoft.VisualStudio.TestPlatform.Extensions.Html.TestLogger.dll
C:\Program Files\dotnet\sdk\5.0.400\Extensions\Microsoft.VisualStudio.TestPlatform.Extensions.Trx.TestLogger.dll
TpTrace Verbose: 0 : 21524, 1, 2022/02/08, 19:04:02.083, 6145443714384, vstest.console.dll, TestPluginCache.GetExtensionPaths: Added unfilterableExtensionPaths: 
TpTrace Verbose: 0 : 21524, 1, 2022/02/08, 19:04:02.083, 6145443715725, vstest.console.dll, TestPluginCache.DiscoverTestExtensions: Discovering the extensions using allExtensionPaths: C:\Program Files\dotnet\sdk\5.0.400\Extensions\Microsoft.Diagnostics.NETCore.Client.dll
C:\Program Files\dotnet\sdk\5.0.400\Extensions\Microsoft.TestPlatform.Extensions.BlameDataCollector.dll
C:\Program Files\dotnet\sdk\5.0.400\Extensions\Microsoft.TestPlatform.Extensions.EventLogCollector.dll
C:\Program Files\dotnet\sdk\5.0.400\Extensions\Microsoft.TestPlatform.TestHostRuntimeProvider.dll
C:\Program Files\dotnet\sdk\5.0.400\Extensions\Microsoft.VisualStudio.TestPlatform.Extensions.Html.TestLogger.dll
C:\Program Files\dotnet\sdk\5.0.400\Extensions\Microsoft.VisualStudio.TestPlatform.Extensions.Trx.TestLogger.dll
TpTrace Information: 0 : 21524, 1, 2022/02/08, 19:04:02.084, 6145443717275, vstest.console.dll, AssemblyResolver.AddSearchDirectories: Adding more searchDirectories C:\Program Files\dotnet\sdk\5.0.400\Extensions,C:\Program Files\dotnet\sdk\5.0.400
TpTrace Information: 0 : 21524, 1, 2022/02/08, 19:04:02.084, 6145443718560, vstest.console.dll, AssemblyResolver.AddSearchDirectories: Adding more searchDirectories C:\Program Files\dotnet\sdk\5.0.400\Extensions,C:\Program Files\dotnet\sdk\5.0.400
TpTrace Information: 0 : 21524, 1, 2022/02/08, 19:04:02.084, 6145443719547, vstest.console.dll, AssemblyResolver.AddSearchDirectories: Adding more searchDirectories C:\Program Files\dotnet\sdk\5.0.400\Extensions,C:\Program Files\dotnet\sdk\5.0.400
TpTrace Information: 0 : 21524, 1, 2022/02/08, 19:04:02.084, 6145443720528, vstest.console.dll, AssemblyResolver.AddSearchDirectories: Adding more searchDirectories C:\Program Files\dotnet\sdk\5.0.400\Extensions,C:\Program Files\dotnet\sdk\5.0.400
TpTrace Information: 0 : 21524, 1, 2022/02/08, 19:04:02.084, 6145443721647, vstest.console.dll, AssemblyResolver.AddSearchDirectories: Adding more searchDirectories C:\Program Files\dotnet\sdk\5.0.400\Extensions,C:\Program Files\dotnet\sdk\5.0.400
TpTrace Information: 0 : 21524, 1, 2022/02/08, 19:04:02.084, 6145443722636, vstest.console.dll, AssemblyResolver.AddSearchDirectories: Adding more searchDirectories C:\Program Files\dotnet\sdk\5.0.400\Extensions,C:\Program Files\dotnet\sdk\5.0.400
TpTrace Information: 0 : 21524, 1, 2022/02/08, 19:04:02.085, 6145443729321, vstest.console.dll, AssemblyResolver.OnResolve: Microsoft.Bcl.AsyncInterfaces: Resolving assembly.
TpTrace Information: 0 : 21524, 1, 2022/02/08, 19:04:02.085, 6145443730515, vstest.console.dll, AssemblyResolver.OnResolve: Microsoft.Bcl.AsyncInterfaces: Resolved from cache.
TpTrace Verbose: 0 : 21524, 1, 2022/02/08, 19:04:02.085, 6145443731130, vstest.console.dll, CurrentDomainAssemblyResolve: Resolving assembly 'Microsoft.Bcl.AsyncInterfaces'.
TpTrace Information: 0 : 21524, 1, 2022/02/08, 19:04:02.085, 6145443732041, vstest.console.dll, AssemblyResolver.OnResolve: Microsoft.Bcl.AsyncInterfaces: Resolving assembly.
TpTrace Information: 0 : 21524, 1, 2022/02/08, 19:04:02.085, 6145443732595, vstest.console.dll, AssemblyResolver.OnResolve: Microsoft.Bcl.AsyncInterfaces: Resolved from cache.
TpTrace Verbose: 0 : 21524, 1, 2022/02/08, 19:04:02.085, 6145443733317, vstest.console.dll, CurrentDomainAssemblyResolve: Resolving assembly 'Microsoft.Bcl.AsyncInterfaces'.
TpTrace Verbose: 0 : 21524, 1, 2022/02/08, 19:04:02.085, 6145443733925, vstest.console.dll, CurrentDomainAssemblyResolve: Failed to resolve assembly 'Microsoft.Bcl.AsyncInterfaces'.
TpTrace Verbose: 0 : 21524, 1, 2022/02/08, 19:04:02.086, 6145443736309, vstest.console.dll, CurrentDomainAssemblyResolve: Failed to resolve assembly 'Microsoft.Bcl.AsyncInterfaces'.
TpTrace Warning: 0 : 21524, 1, 2022/02/08, 19:04:02.086, 6145443740620, vstest.console.dll, TestPluginDiscoverer: Failed to get types from assembly 'Microsoft.Diagnostics.NETCore.Client, Version=0.2.2.41902, Culture=neutral, PublicKeyToken=31bf3856ad364e35'.  Skipping test extension scan for this assembly.  Error: System.Reflection.ReflectionTypeLoadException: Unable to load one or more of the requested types.
Could not load file or assembly 'Microsoft.Bcl.AsyncInterfaces, Version=1.0.0.0, Culture=neutral, PublicKeyToken=cc7b13ffcd2ddd51'. The system cannot find the file specified.
   at System.Reflection.RuntimeModule.GetTypes(RuntimeModule module)
   at System.Reflection.RuntimeModule.GetTypes()
   at System.Reflection.Assembly.GetTypes()
   at Microsoft.VisualStudio.TestPlatform.Common.ExtensionFramework.TestPluginDiscoverer.GetTestExtensionsFromAssembly[TPluginInfo,TExtension](Assembly assembly, Dictionary`2 pluginInfos)
System.IO.FileNotFoundException: Could not load file or assembly 'Microsoft.Bcl.AsyncInterfaces, Version=1.0.0.0, Culture=neutral, PublicKeyToken=cc7b13ffcd2ddd51'. The system cannot find the file specified.
File name: 'Microsoft.Bcl.AsyncInterfaces, Version=1.0.0.0, Culture=neutral, PublicKeyToken=cc7b13ffcd2ddd51'
TpTrace Warning: 0 : 21524, 1, 2022/02/08, 19:04:02.086, 6145443741577, vstest.console.dll, LoaderExceptions: System.IO.FileNotFoundException: Could not load file or assembly 'Microsoft.Bcl.AsyncInterfaces, Version=1.0.0.0, Culture=neutral, PublicKeyToken=cc7b13ffcd2ddd51'. The system cannot find the file specified.
File name: 'Microsoft.Bcl.AsyncInterfaces, Version=1.0.0.0, Culture=neutral, PublicKeyToken=cc7b13ffcd2ddd51'
TpTrace Verbose: 0 : 21524, 1, 2022/02/08, 19:04:02.087, 6145443748197, vstest.console.dll, TestPluginCache: Discovered the extensions using extension path ''.
TpTrace Verbose: 0 : 21524, 1, 2022/02/08, 19:04:02.087, 6145443749148, vstest.console.dll, TestPluginCache: Discoverers are ''.
TpTrace Verbose: 0 : 21524, 1, 2022/02/08, 19:04:02.087, 6145443749658, vstest.console.dll, TestPluginCache: Executors are ''.
TpTrace Verbose: 0 : 21524, 1, 2022/02/08, 19:04:02.087, 6145443750239, vstest.console.dll, TestPluginCache: Executors2 are ''.
TpTrace Verbose: 0 : 21524, 1, 2022/02/08, 19:04:02.087, 6145443750729, vstest.console.dll, TestPluginCache: Setting providers are ''.
TpTrace Verbose: 0 : 21524, 1, 2022/02/08, 19:04:02.087, 6145443752039, vstest.console.dll, TestPluginCache: Loggers are 'logger://Microsoft/TestPlatform/Extensions/Blame/v1,logger://Microsoft/TestPlatform/HtmlLogger/v1,logger://Microsoft/TestPlatform/TrxLogger/v1'.
TpTrace Information: 0 : 21524, 1, 2022/02/08, 19:04:02.088, 6145443762442, vstest.console.dll, TestPluginManager.CreateTestExtension: Attempting to load test extension: Microsoft.TestPlatform.Extensions.BlameDataCollector.BlameLogger
TpTrace Information: 0 : 21524, 1, 2022/02/08, 19:04:02.103, 6145443914685, vstest.console.dll, TestPluginManager.CreateTestExtension: Attempting to load test extension: Microsoft.VisualStudio.TestPlatform.CrossPlatEngine.Hosting.DefaultTestHostManager
TpTrace Information: 0 : 21524, 1, 2022/02/08, 19:04:02.104, 6145443919318, vstest.console.dll, TestPluginManager.CreateTestExtension: Attempting to load test extension: Microsoft.VisualStudio.TestPlatform.CrossPlatEngine.Hosting.DotnetTestHostManager
TpTrace Verbose: 0 : 21524, 1, 2022/02/08, 19:04:02.107, 6145443954036, vstest.console.dll, TestEngine: Initializing Parallel Execution as MaxCpuCount is set to: 1
TpTrace Information: 0 : 21524, 1, 2022/02/08, 19:04:02.108, 6145443962312, vstest.console.dll, InferRunSettingsHelper.IsTestSettingsEnabled: Unable to navigate to RunSettings/MSTest. Current node: RunSettings
TpTrace Verbose: 0 : 21524, 1, 2022/02/08, 19:04:02.150, 6145444382740, vstest.console.dll, TestRequestSender is acting as server
TpTrace Verbose: 0 : 21524, 4, 2022/02/08, 19:04:02.158, 6145444464488, vstest.console.dll, DataCollectionRequestSender.InitializeCommunication : Initialize communication. 
TpTrace Information: 0 : 21524, 4, 2022/02/08, 19:04:02.178, 6145444665106, vstest.console.dll, Listening on Endpoint : 127.0.0.1:56803
TpTrace Verbose: 0 : 21524, 4, 2022/02/08, 19:04:02.199, 6145444868639, vstest.console.dll, DotnetDataCollectionLauncher: Full path of dotnet.exe is C:\Program Files\dotnet\dotnet.exe
TpTrace Verbose: 0 : 21524, 4, 2022/02/08, 19:04:02.199, 6145444873580, vstest.console.dll, DotnetDataCollectionLauncher: Adding  --runtimeconfig "C:\Program Files\dotnet\sdk\5.0.400\datacollector.runtimeconfig.json" in args
TpTrace Verbose: 0 : 21524, 4, 2022/02/08, 19:04:02.199, 6145444875756, vstest.console.dll, DotnetDataCollectionLauncher: Adding  --depsfile "C:\Program Files\dotnet\sdk\5.0.400\datacollector.deps.json" in args
TpTrace Information: 0 : 21524, 4, 2022/02/08, 19:04:02.219, 6145445072336, vstest.console.dll, ProxyDataCollectionManager.Initialize: Launched datacollector processId: 21416 port: 56803
TpTrace Information: 0 : 21524, 4, 2022/02/08, 19:04:02.219, 6145445075064, vstest.console.dll, ProxyDataCollectionManager.Initialize: waiting for connection with timeout: 90 seconds
TpTrace Verbose: 0 : 21524, 4, 2022/02/08, 19:04:02.220, 6145445076306, vstest.console.dll, DataCollectionRequestSender.WaitForRequestHandlerConnection : Waiting for connection with timeout: 90000
TpTrace Information: 0 : 21524, 7, 2022/02/08, 19:04:02.564, 6145448520555, vstest.console.dll, Using the buffer size of 16384 bytes
TpTrace Verbose: 0 : 21524, 4, 2022/02/08, 19:04:02.564, 6145448521766, vstest.console.dll, ProxyDataCollectionManager.InvokeDataCollectionServiceAction: Starting.
TpTrace Information: 0 : 21524, 7, 2022/02/08, 19:04:02.564, 6145448522691, vstest.console.dll, Accepted Client request and set the flag
TpTrace Information: 0 : 21524, 4, 2022/02/08, 19:04:02.564, 6145448525235, vstest.console.dll, ProxyDataCollectionManager.BeforeTestRunStart: Get environment variable and port for datacollector processId: 21416 port: 56803
TpTrace Verbose: 0 : 21524, 4, 2022/02/08, 19:04:02.565, 6145448527686, vstest.console.dll, DataCollectionRequestSender.SendBeforeTestRunStartAndGetResult : Send BeforeTestRunStart message with settingsXml <RunSettings><RunConfiguration><ResultsDirectory>D:\Office\COTFramework\COT.API\COT.UnitTest\bin\Debug\netcoreapp3.1\fine-code-coverage\coverage-tool-output</ResultsDirectory><TargetPlatform>X64</TargetPlatform><TargetFrameworkVersion>.NETCoreApp,Version=v3.1</TargetFrameworkVersion><DesignMode>False</DesignMode><CollectSourceInformation>False</CollectSourceInformation><TestAdaptersPaths>C:\Program Files\dotnet\sdk\5.0.400\Extensions</TestAdaptersPaths></RunConfiguration><LoggerRunSettings><Loggers><Logger friendlyName="blame" enabled="True" /><Logger friendlyName="Console" uri="logger://microsoft/TestPlatform/ConsoleLogger/v1" assemblyQualifiedName="Microsoft.VisualStudio.TestPlatform.CommandLine.Internal.ConsoleLogger, vstest.console, Version=15.0.0.0, Culture=neutral, PublicKeyToken=b03f5f7f11d50a3a" codeBase="C:\Program Files\dotnet\sdk\5.0.400\vstest.console.dll" enabled="True" /></Loggers></LoggerRunSettings><DataCollectionRunSettings><DataCollectors><DataCollector friendlyName="blame" enabled="True"><Configuration><ResultsDirectory>D:\Office\COTFramework\COT.API\COT.UnitTest\bin\Debug\netcoreapp3.1\fine-code-coverage\coverage-tool-output</ResultsDirectory></Configuration></DataCollector></DataCollectors></DataCollectionRunSettings></RunSettings> and sources System.Linq.Enumerable+Concat2Iterator`1[System.String]: 
TpTrace Verbose: 0 : 21524, 4, 2022/02/08, 19:04:02.740, 6145450282072, vstest.console.dll, DataCollectionRequestSender.SendBeforeTestRunStartAndGetResult : Received message: (DataCollection.SendMessage) -> {
  "FriendlyName": null,
  "Uri": null,
  "TestCaseId": "00000000-0000-0000-0000-000000000000",
  "Message": "Logging DataCollector Diagnostics in file: D:\\Office\\COTFramework\\COT.API\\COT.UnitTest\\bin\\Debug\\netcoreapp3.1\\fine-code-coverage\\coverage-tool-output\\diagnostics.datacollector.22-02-08_19-04-02_18918_4.log",
  "Level": 0
}
TpTrace Verbose: 0 : 21524, 4, 2022/02/08, 19:04:02.938, 6145452265508, vstest.console.dll, DataCollectionRequestSender.SendBeforeTestRunStartAndGetResult : Received message: (DataCollection.BeforeTestRunStartResult) -> {
  "EnvironmentVariables": {},
  "DataCollectionEventsPort": 56806
}
TpTrace Information: 0 : 21524, 4, 2022/02/08, 19:04:02.948, 6145452356286, vstest.console.dll, ProxyDataCollectionManager.BeforeTestRunStart: SendBeforeTestRunStartAndGetResult successful, env variable from datacollector:   and testhost port: 56806
TpTrace Information: 0 : 21524, 4, 2022/02/08, 19:04:02.948, 6145452358619, vstest.console.dll, ProxyDataCollectionManager.InvokeDataCollectionServiceAction: Completed.
TpTrace Verbose: 0 : 21524, 1, 2022/02/08, 19:04:02.948, 6145452363322, vstest.console.dll, TestRunRequest.ExecuteAsync: Creating test run request.
TpTrace Verbose: 0 : 21524, 1, 2022/02/08, 19:04:02.950, 6145452376175, vstest.console.dll, TestRunRequest.ExecuteAsync: Starting.
TpTrace Information: 0 : 21524, 1, 2022/02/08, 19:04:02.951, 6145452386000, vstest.console.dll, TestRunRequest.ExecuteAsync: Starting run with settings:TestRunCriteria:
   KeepAlive=False,FrequencyOfRunStatsChangeEvent=10,RunStatsChangeEventTimeout=00:00:01.5000000,TestCaseFilter=,TestExecutorLauncher=
   Settingsxml=<RunSettings>
  <RunConfiguration>
    <ResultsDirectory>D:\Office\COTFramework\COT.API\COT.UnitTest\bin\Debug\netcoreapp3.1\fine-code-coverage\coverage-tool-output</ResultsDirectory>
    <TargetPlatform>X64</TargetPlatform>
    <TargetFrameworkVersion>.NETCoreApp,Version=v3.1</TargetFrameworkVersion>
    <DesignMode>False</DesignMode>
    <CollectSourceInformation>False</CollectSourceInformation>
  </RunConfiguration>
  <LoggerRunSettings>
    <Loggers>
      <Logger friendlyName="blame" enabled="True" />
      <Logger friendlyName="Console" uri="logger://microsoft/TestPlatform/ConsoleLogger/v1" assemblyQualifiedName="Microsoft.VisualStudio.TestPlatform.CommandLine.Internal.ConsoleLogger, vstest.console, Version=15.0.0.0, Culture=neutral, PublicKeyToken=b03f5f7f11d50a3a" codeBase="C:\Program Files\dotnet\sdk\5.0.400\vstest.console.dll" enabled="True" />
    </Loggers>
  </LoggerRunSettings>
  <DataCollectionRunSettings>
    <DataCollectors>
      <DataCollector friendlyName="blame" enabled="True">
        <Configuration>
          <ResultsDirectory>D:\Office\COTFramework\COT.API\COT.UnitTest\bin\Debug\netcoreapp3.1\fine-code-coverage\coverage-tool-output</ResultsDirectory>
        </Configuration>
      </DataCollector>
    </DataCollectors>
  </DataCollectionRunSettings>
</RunSettings>

TpTrace Verbose: 0 : 21524, 1, 2022/02/08, 19:04:02.951, 6145452387564, vstest.console.dll, TestRunRequest.ExecuteAsync: Wait for the first run request is over.
TpTrace Verbose: 0 : 21524, 1, 2022/02/08, 19:04:02.952, 6145452396421, vstest.console.dll, ParallelProxyExecutionManager: Start execution. Total sources: 1
TpTrace Information: 0 : 21524, 1, 2022/02/08, 19:04:02.953, 6145452410889, vstest.console.dll, ProxyParallelExecutionManager: Triggering test run for next source: D:\Office\COTFramework\COT.API\COT.UnitTest\bin\Debug\netcoreapp3.1\fine-code-coverage\build-output\COT.UnitTest.dll
TpTrace Verbose: 0 : 21524, 4, 2022/02/08, 19:04:02.953, 6145452415249, vstest.console.dll, ParallelProxyExecutionManager: Execution started. Started clients: 1
TpTrace Verbose: 0 : 21524, 1, 2022/02/08, 19:04:02.953, 6145452415566, vstest.console.dll, ProxyParallelExecutionManager: No sources available for execution.
TpTrace Information: 0 : 21524, 1, 2022/02/08, 19:04:02.954, 6145452419467, vstest.console.dll, TestRunRequest.ExecuteAsync: Started.
TpTrace Verbose: 0 : 21524, 1, 2022/02/08, 19:04:02.954, 6145452421183, vstest.console.dll, TestRunRequest.WaitForCompletion: Waiting with timeout -1.
TpTrace Verbose: 0 : 21524, 4, 2022/02/08, 19:04:02.954, 6145452421656, vstest.console.dll, TestRunRequest:SendTestRunMessage: Starting.
TpTrace Information: 0 : 21524, 4, 2022/02/08, 19:04:02.954, 6145452424896, vstest.console.dll, TestRunRequest:SendTestRunMessage: Completed.
TpTrace Verbose: 0 : 21524, 4, 2022/02/08, 19:04:02.955, 6145452428293, vstest.console.dll, ProxyExecutionManager: Test host is always Lazy initialize.
TpTrace Verbose: 0 : 21524, 4, 2022/02/08, 19:04:02.955, 6145452431819, vstest.console.dll, TestRequestSender.InitializeCommunication: initialize communication. 
TpTrace Information: 0 : 21524, 4, 2022/02/08, 19:04:02.956, 6145452439923, vstest.console.dll, SocketServer.Start: Listening on endpoint : 127.0.0.1:56807
TpTrace Verbose: 0 : 21524, 4, 2022/02/08, 19:04:02.957, 6145452451312, vstest.console.dll, DotnetTestHostmanager: Adding  --runtimeconfig "D:\Office\COTFramework\COT.API\COT.UnitTest\bin\Debug\netcoreapp3.1\fine-code-coverage\build-output\COT.UnitTest.runtimeconfig.json" in args
TpTrace Verbose: 0 : 21524, 4, 2022/02/08, 19:04:02.957, 6145452452705, vstest.console.dll, DotnetTestHostmanager: Adding  --depsfile "D:\Office\COTFramework\COT.API\COT.UnitTest\bin\Debug\netcoreapp3.1\fine-code-coverage\build-output\COT.UnitTest.deps.json" in args
TpTrace Verbose: 0 : 21524, 4, 2022/02/08, 19:04:02.958, 6145452456158, vstest.console.dll, DotnetTestHostManager: Testhost.exe/testhost.x86.exe found at path: D:\Office\COTFramework\COT.API\COT.UnitTest\bin\Debug\netcoreapp3.1\fine-code-coverage\build-output\testhost.exe
TpTrace Verbose: 0 : 21524, 4, 2022/02/08, 19:04:02.958, 6145452457148, vstest.console.dll, DotnetTestHostmanager: Full path of host exe is D:\Office\COTFramework\COT.API\COT.UnitTest\bin\Debug\netcoreapp3.1\fine-code-coverage\build-output\testhost.exe
TpTrace Verbose: 0 : 21524, 6, 2022/02/08, 19:04:02.959, 6145452474086, vstest.console.dll, DotnetTestHostManager: Starting process 'D:\Office\COTFramework\COT.API\COT.UnitTest\bin\Debug\netcoreapp3.1\fine-code-coverage\build-output\testhost.exe' with command line ' --runtimeconfig "D:\Office\COTFramework\COT.API\COT.UnitTest\bin\Debug\netcoreapp3.1\fine-code-coverage\build-output\COT.UnitTest.runtimeconfig.json" --depsfile "D:\Office\COTFramework\COT.API\COT.UnitTest\bin\Debug\netcoreapp3.1\fine-code-coverage\build-output\COT.UnitTest.deps.json" --port 56807 --endpoint 127.0.0.1:056807 --role client --parentprocessid 21524 --diag "D:\Office\COTFramework\COT.API\COT.UnitTest\bin\Debug\netcoreapp3.1\fine-code-coverage\coverage-tool-output\diagnostics.host.22-02-08_19-04-02_95700_4.log" --tracelevel 4 --datacollectionport 56806 --telemetryoptedin false'
TpTrace Verbose: 0 : 21524, 6, 2022/02/08, 19:04:02.968, 6145452564991, vstest.console.dll, Test Runtime launched
TpTrace Verbose: 0 : 21524, 4, 2022/02/08, 19:04:02.972, 6145452600066, vstest.console.dll, TestRequestSender.WaitForRequestHandlerConnection: waiting for connection with timeout: 90000
TpTrace Verbose: 0 : 21524, 6, 2022/02/08, 19:04:03.491, 6145457795446, vstest.console.dll, SocketServer.OnClientConnected: Client connected for endPoint: 127.0.0.1:56807, starting MessageLoopAsync:
TpTrace Verbose: 0 : 21524, 6, 2022/02/08, 19:04:03.492, 6145457799760, vstest.console.dll, TcpClientExtensions.MessageLoopAsync: Polling on remoteEndPoint: 127.0.0.1:56808 localEndPoint: 127.0.0.1:56807
TpTrace Verbose: 0 : 21524, 6, 2022/02/08, 19:04:03.875, 6145461633968, vstest.console.dll, TcpClientExtensions.MessageLoopAsync: NotifyDataAvailable remoteEndPoint: 127.0.0.1:56808 localEndPoint: 127.0.0.1:56807
TpTrace Verbose: 0 : 21524, 6, 2022/02/08, 19:04:03.876, 6145461639003, vstest.console.dll, TestRequestSender.CheckVersionWithTestHost: onMessageReceived received message: (ProtocolVersion) -> 5
TpTrace Verbose: 0 : 21524, 6, 2022/02/08, 19:04:03.877, 6145461646833, vstest.console.dll, TcpClientExtensions.MessageLoopAsync: Polling on remoteEndPoint: 127.0.0.1:56808 localEndPoint: 127.0.0.1:56807
TpTrace Verbose: 0 : 21524, 4, 2022/02/08, 19:04:03.877, 6145461648945, vstest.console.dll, TestPluginCache.GetExtensionPaths: Filtered extension paths: 
TpTrace Verbose: 0 : 21524, 4, 2022/02/08, 19:04:03.877, 6145461650296, vstest.console.dll, TestPluginCache.GetExtensionPaths: Added default extension paths: C:\Program Files\dotnet\sdk\5.0.400\Extensions\Microsoft.Diagnostics.NETCore.Client.dll
C:\Program Files\dotnet\sdk\5.0.400\Extensions\Microsoft.TestPlatform.Extensions.BlameDataCollector.dll
C:\Program Files\dotnet\sdk\5.0.400\Extensions\Microsoft.TestPlatform.Extensions.EventLogCollector.dll
C:\Program Files\dotnet\sdk\5.0.400\Extensions\Microsoft.TestPlatform.TestHostRuntimeProvider.dll
C:\Program Files\dotnet\sdk\5.0.400\Extensions\Microsoft.VisualStudio.TestPlatform.Extensions.Html.TestLogger.dll
C:\Program Files\dotnet\sdk\5.0.400\Extensions\Microsoft.VisualStudio.TestPlatform.Extensions.Trx.TestLogger.dll
TpTrace Verbose: 0 : 21524, 4, 2022/02/08, 19:04:03.877, 6145461651161, vstest.console.dll, TestPluginCache.GetExtensionPaths: Added unfilterableExtensionPaths: 
TpTrace Verbose: 0 : 21524, 4, 2022/02/08, 19:04:03.883, 6145461708870, vstest.console.dll, TestRequestSender.InitializeExecution: Sending initializing execution with message: {"Version":5,"MessageType":"TestExecution.Initialize","Payload":["D:\\Office\\COTFramework\\COT.API\\COT.UnitTest\\bin\\Debug\\netcoreapp3.1\\fine-code-coverage\\build-output\\NUnit3.TestAdapter.dll"]}
TpTrace Verbose: 0 : 21524, 4, 2022/02/08, 19:04:03.898, 6145461861382, vstest.console.dll, TestRequestSender.StartTestRun: Sending test run with message: {"Version":5,"MessageType":"TestExecution.StartWithSources","Payload":{"AdapterSourceMap":{"_none_":["D:\\Office\\COTFramework\\COT.API\\COT.UnitTest\\bin\\Debug\\netcoreapp3.1\\fine-code-coverage\\build-output\\COT.UnitTest.dll"]},"RunSettings":"<RunSettings>\r\n  <RunConfiguration>\r\n    <ResultsDirectory>D:\\Office\\COTFramework\\COT.API\\COT.UnitTest\\bin\\Debug\\netcoreapp3.1\\fine-code-coverage\\coverage-tool-output</ResultsDirectory>\r\n    <TargetPlatform>X64</TargetPlatform>\r\n    <TargetFrameworkVersion>.NETCoreApp,Version=v3.1</TargetFrameworkVersion>\r\n    <DesignMode>False</DesignMode>\r\n    <CollectSourceInformation>False</CollectSourceInformation>\r\n  </RunConfiguration>\r\n  <LoggerRunSettings>\r\n    <Loggers>\r\n      <Logger friendlyName=\"blame\" enabled=\"True\" />\r\n      <Logger friendlyName=\"Console\" uri=\"logger://microsoft/TestPlatform/ConsoleLogger/v1\" assemblyQualifiedName=\"Microsoft.VisualStudio.TestPlatform.CommandLine.Internal.ConsoleLogger, vstest.console, Version=15.0.0.0, Culture=neutral, PublicKeyToken=b03f5f7f11d50a3a\" codeBase=\"C:\\Program Files\\dotnet\\sdk\\5.0.400\\vstest.console.dll\" enabled=\"True\" />\r\n    </Loggers>\r\n  </LoggerRunSettings>\r\n  <DataCollectionRunSettings>\r\n    <DataCollectors>\r\n      <DataCollector friendlyName=\"blame\" enabled=\"True\">\r\n        <Configuration>\r\n          <ResultsDirectory>D:\\Office\\COTFramework\\COT.API\\COT.UnitTest\\bin\\Debug\\netcoreapp3.1\\fine-code-coverage\\coverage-tool-output</ResultsDirectory>\r\n        </Configuration>\r\n      </DataCollector>\r\n    </DataCollectors>\r\n  </DataCollectionRunSettings>\r\n</RunSettings>","TestExecutionContext":{"FrequencyOfRunStatsChangeEvent":10,"RunStatsChangeEventTimeout":"00:00:01.5000000","InIsolation":false,"KeepAlive":false,"AreTestCaseLevelEventsRequired":false,"IsDebug":false,"TestCaseFilter":null,"FilterOptions":null},"Package":null}}
TpTrace Verbose: 0 : 21524, 6, 2022/02/08, 19:04:03.899, 6145461872228, vstest.console.dll, TcpClientExtensions.MessageLoopAsync: NotifyDataAvailable remoteEndPoint: 127.0.0.1:56808 localEndPoint: 127.0.0.1:56807
TpTrace Verbose: 0 : 21524, 6, 2022/02/08, 19:04:03.899, 6145461875155, vstest.console.dll, TestRequestSender.OnExecutionMessageReceived: Received message: {"Version":5,"MessageType":"TestSession.Message","Payload":{"MessageLevel":0,"Message":"Logging TestHost Diagnostics in file: D:\\Office\\COTFramework\\COT.API\\COT.UnitTest\\bin\\Debug\\netcoreapp3.1\\fine-code-coverage\\coverage-tool-output\\diagnostics.host.22-02-08_19-04-02_95700_4.log"}}
TpTrace Verbose: 0 : 21524, 6, 2022/02/08, 19:04:03.903, 6145461907780, vstest.console.dll, TestRunRequest:SendTestRunMessage: Starting.
TpTrace Information: 0 : 21524, 6, 2022/02/08, 19:04:03.903, 6145461909680, vstest.console.dll, TestRunRequest:SendTestRunMessage: Completed.
TpTrace Verbose: 0 : 21524, 6, 2022/02/08, 19:04:03.903, 6145461910686, vstest.console.dll, TcpClientExtensions.MessageLoopAsync: Polling on remoteEndPoint: 127.0.0.1:56808 localEndPoint: 127.0.0.1:56807
TpTrace Verbose: 0 : 21524, 6, 2022/02/08, 19:04:04.284, 6145465723581, vstest.console.dll, TcpClientExtensions.MessageLoopAsync: NotifyDataAvailable remoteEndPoint: 127.0.0.1:56808 localEndPoint: 127.0.0.1:56807
TpTrace Verbose: 0 : 21524, 6, 2022/02/08, 19:04:04.284, 6145465725826, vstest.console.dll, TestRequestSender.OnExecutionMessageReceived: Received message: {"Version":5,"MessageType":"TestSession.Message","Payload":{"MessageLevel":0,"Message":"NUnit Adapter 3.17.0.0: Test execution started"}}
TpTrace Verbose: 0 : 21524, 6, 2022/02/08, 19:04:04.285, 6145465731627, vstest.console.dll, TestRunRequest:SendTestRunMessage: Starting.
TpTrace Information: 0 : 21524, 6, 2022/02/08, 19:04:04.285, 6145465733288, vstest.console.dll, TestRunRequest:SendTestRunMessage: Completed.
TpTrace Verbose: 0 : 21524, 6, 2022/02/08, 19:04:04.285, 6145465734174, vstest.console.dll, TcpClientExtensions.MessageLoopAsync: Polling on remoteEndPoint: 127.0.0.1:56808 localEndPoint: 127.0.0.1:56807
TpTrace Verbose: 0 : 21524, 6, 2022/02/08, 19:04:04.350, 6145466385325, vstest.console.dll, TcpClientExtensions.MessageLoopAsync: NotifyDataAvailable remoteEndPoint: 127.0.0.1:56808 localEndPoint: 127.0.0.1:56807
TpTrace Verbose: 0 : 21524, 6, 2022/02/08, 19:04:04.351, 6145466387412, vstest.console.dll, TestRequestSender.OnExecutionMessageReceived: Received message: {"Version":5,"MessageType":"TestSession.Message","Payload":{"MessageLevel":0,"Message":"Running all tests in D:\\Office\\COTFramework\\COT.API\\COT.UnitTest\\bin\\Debug\\netcoreapp3.1\\fine-code-coverage\\build-output\\COT.UnitTest.dll"}}
TpTrace Verbose: 0 : 21524, 6, 2022/02/08, 19:04:04.351, 6145466391649, vstest.console.dll, TestRunRequest:SendTestRunMessage: Starting.
TpTrace Information: 0 : 21524, 6, 2022/02/08, 19:04:04.351, 6145466393370, vstest.console.dll, TestRunRequest:SendTestRunMessage: Completed.
TpTrace Verbose: 0 : 21524, 6, 2022/02/08, 19:04:04.351, 6145466394388, vstest.console.dll, TcpClientExtensions.MessageLoopAsync: Polling on remoteEndPoint: 127.0.0.1:56808 localEndPoint: 127.0.0.1:56807
TpTrace Verbose: 0 : 21524, 6, 2022/02/08, 19:04:04.736, 6145470241655, vstest.console.dll, TcpClientExtensions.MessageLoopAsync: NotifyDataAvailable remoteEndPoint: 127.0.0.1:56808 localEndPoint: 127.0.0.1:56807
TpTrace Verbose: 0 : 21524, 6, 2022/02/08, 19:04:04.736, 6145470244549, vstest.console.dll, TestRequestSender.OnExecutionMessageReceived: Received message: {"Version":5,"MessageType":"TestSession.Message","Payload":{"MessageLevel":0,"Message":"   NUnit3TestExecutor discovered 19 of 19 NUnit test cases"}}
TpTrace Verbose: 0 : 21524, 6, 2022/02/08, 19:04:04.737, 6145470247658, vstest.console.dll, TestRunRequest:SendTestRunMessage: Starting.
TpTrace Information: 0 : 21524, 6, 2022/02/08, 19:04:04.737, 6145470249153, vstest.console.dll, TestRunRequest:SendTestRunMessage: Completed.
TpTrace Verbose: 0 : 21524, 6, 2022/02/08, 19:04:04.737, 6145470250317, vstest.console.dll, TcpClientExtensions.MessageLoopAsync: Polling on remoteEndPoint: 127.0.0.1:56808 localEndPoint: 127.0.0.1:56807
TpTrace Verbose: 0 : 21524, 6, 2022/02/08, 19:04:05.649, 6145479368341, vstest.console.dll, TcpClientExtensions.MessageLoopAsync: NotifyDataAvailable remoteEndPoint: 127.0.0.1:56808 localEndPoint: 127.0.0.1:56807
TpTrace Verbose: 0 : 21524, 6, 2022/02/08, 19:04:05.649, 6145479371376, vstest.console.dll, TestRequestSender.OnExecutionMessageReceived: Received message: {"Version":5,"MessageType":"TestExecution.StatsChange","Payload":{"NewTestResults":[],"TestRunStatistics":{"ExecutedTests":0,"Stats":{}},"ActiveTests":[{"Id":"192a03b4-fef1-de2e-a146-c4a6c3f2ab73","FullyQualifiedName":"COT.UnitTest.DOBControllerTest.DOBController_MatchDOB_Result9","DisplayName":"DOBController_MatchDOB_Result9","ExecutorUri":"executor://NUnit3TestExecutor","Source":"D:\\Office\\COTFramework\\COT.API\\COT.UnitTest\\bin\\Debug\\netcoreapp3.1\\fine-code-coverage\\build-output\\COT.UnitTest.dll","CodeFilePath":null,"LineNumber":0,"Properties":[]}]}}
TpTrace Verbose: 0 : 21524, 6, 2022/02/08, 19:04:05.688, 6145479764192, vstest.console.dll, TestRunRequest:SendTestRunStatsChange: Starting.
TpTrace Verbose: 0 : 21524, 6, 2022/02/08, 19:04:05.689, 6145479767524, vstest.console.dll, InProgress is DOBController_MatchDOB_Result9
TpTrace Information: 0 : 21524, 6, 2022/02/08, 19:04:05.689, 6145479770071, vstest.console.dll, TestRunRequest:SendTestRunStatsChange: Completed.
TpTrace Verbose: 0 : 21524, 6, 2022/02/08, 19:04:05.689, 6145479771638, vstest.console.dll, TcpClientExtensions.MessageLoopAsync: Polling on remoteEndPoint: 127.0.0.1:56808 localEndPoint: 127.0.0.1:56807
TpTrace Verbose: 0 : 21524, 6, 2022/02/08, 19:04:05.829, 6145481175140, vstest.console.dll, TcpClientExtensions.MessageLoopAsync: NotifyDataAvailable remoteEndPoint: 127.0.0.1:56808 localEndPoint: 127.0.0.1:56807
TpTrace Verbose: 0 : 21524, 6, 2022/02/08, 19:04:05.830, 6145481182028, vstest.console.dll, TestRequestSender.OnExecutionMessageReceived: Received message: {"Version":5,"MessageType":"TestExecution.StatsChange","Payload":{"NewTestResults":[{"TestCase":{"Id":"192a03b4-fef1-de2e-a146-c4a6c3f2ab73","FullyQualifiedName":"COT.UnitTest.DOBControllerTest.DOBController_MatchDOB_Result9","DisplayName":"DOBController_MatchDOB_Result9","ExecutorUri":"executor://NUnit3TestExecutor","Source":"D:\\Office\\COTFramework\\COT.API\\COT.UnitTest\\bin\\Debug\\netcoreapp3.1\\fine-code-coverage\\build-output\\COT.UnitTest.dll","CodeFilePath":null,"LineNumber":0,"Properties":[]},"Attachments":[],"Outcome":1,"ErrorMessage":null,"ErrorStackTrace":null,"DisplayName":"DOBController_MatchDOB_Result9","Messages":[],"ComputerName":"DESKTOP-21CDC4V","Duration":"00:00:00.8463760","StartTime":"2022-02-08T13:34:04.847823+00:00","EndTime":"2022-02-08T13:34:05.6939728+00:00","Properties":[]},{"TestCase":{"Id":"e8827848-c91b-7a6f-d765-9a0bb0c70030","FullyQualifiedName":"COT.UnitTest.DOBControllerTest.DOBController_MatchDOB_ResultException","DisplayName":"DOBController_MatchDOB_ResultException","ExecutorUri":"executor://NUnit3TestExecutor","Source":"D:\\Office\\COTFramework\\COT.API\\COT.UnitTest\\bin\\Debug\\netcoreapp3.1\\fine-code-coverage\\build-output\\COT.UnitTest.dll","CodeFilePath":null,"LineNumber":0,"Properties":[]},"Attachments":[],"Outcome":1,"ErrorMessage":null,"ErrorStackTrace":null,"DisplayName":"DOBController_MatchDOB_ResultException","Messages":[],"ComputerName":"DESKTOP-21CDC4V","Duration":"00:00:00.0138320","StartTime":"2022-02-08T13:34:05.6987198+00:00","EndTime":"2022-02-08T13:34:05.7125497+00:00","Properties":[]},{"TestCase":{"Id":"1fb7621a-5c10-b57a-fd6b-2d64563d2ee9","FullyQualifiedName":"COT.UnitTest.DOBControllerTest.DOBController_MatchDOB_ResultFailed","DisplayName":"DOBController_MatchDOB_ResultFailed","ExecutorUri":"executor://NUnit3TestExecutor","Source":"D:\\Office\\COTFramework\\COT.API\\COT.UnitTest\\bin\\Debug\\netcoreapp3.1\\fine-code-coverage\\build-output\\COT.UnitTest.dll","CodeFilePath":null,"LineNumber":0,"Properties":[]},"Attachments":[],"Outcome":1,"ErrorMessage":null,"ErrorStackTrace":null,"DisplayName":"DOBController_MatchDOB_ResultFailed","Messages":[],"ComputerName":"DESKTOP-21CDC4V","Duration":"00:00:00.0024190","StartTime":"2022-02-08T13:34:05.7126217+00:00","EndTime":"2022-02-08T13:34:05.7150391+00:00","Properties":[]},{"TestCase":{"Id":"c7ad6279-1e80-4469-9a32-a1863889ba61","FullyQualifiedName":"COT.UnitTest.DOBControllerTest.DOBController_MatchDOB_ResultInvalidInput","DisplayName":"DOBController_MatchDOB_ResultInvalidInput","ExecutorUri":"executor://NUnit3TestExecutor","Source":"D:\\Office\\COTFramework\\COT.API\\COT.UnitTest\\bin\\Debug\\netcoreapp3.1\\fine-code-coverage\\build-output\\COT.UnitTest.dll","CodeFilePath":null,"LineNumber":0,"Properties":[]},"Attachments":[],"Outcome":1,"ErrorMessage":null,"ErrorStackTrace":null,"DisplayName":"DOBController_MatchDOB_ResultInvalidInput","Messages":[],"ComputerName":"DESKTOP-21CDC4V","Duration":"00:00:00.0003910","StartTime":"2022-02-08T13:34:05.7150694+00:00","EndTime":"2022-02-08T13:34:05.7154587+00:00","Properties":[]},{"TestCase":{"Id":"b690c228-ff47-773c-175d-9f407c0f2db5","FullyQualifiedName":"COT.UnitTest.DOBMatchTest.MatchDOB_DOB19500703_Target19581114_Result0","DisplayName":"MatchDOB_DOB19500703_Target19581114_Result0","ExecutorUri":"executor://NUnit3TestExecutor","Source":"D:\\Office\\COTFramework\\COT.API\\COT.UnitTest\\bin\\Debug\\netcoreapp3.1\\fine-code-coverage\\build-output\\COT.UnitTest.dll","CodeFilePath":null,"LineNumber":0,"Properties":[]},"Attachments":[],"Outcome":1,"ErrorMessage":null,"ErrorStackTrace":null,"DisplayName":"MatchDOB_DOB19500703_Target19581114_Result0","Messages":[],"ComputerName":"DESKTOP-21CDC4V","Duration":"00:00:00.0096470","StartTime":"2022-02-08T13:34:05.7228646+00:00","EndTime":"2022-02-08T13:34:05.7325142+00:00","Properties":[]},{"TestCase":{"Id":"5b1243eb-f770-4fc9-2cfd-8ccc6bc2a625","FullyQualifiedName":"COT.UnitTest.DOBMatchTest.MatchDOB_DOB19500703_Target19600603_Result8","DisplayName":"MatchDOB_DOB19500703_Target19600603_Result8","ExecutorUri":"executor://NUnit3TestExecutor","Source":"D:\\Office\\COTFramework\\COT.API\\COT.UnitTest\\bin\\Debug\\netcoreapp3.1\\fine-code-coverage\\build-output\\COT.UnitTest.dll","CodeFilePath":null,"LineNumber":0,"Properties":[]},"Attachments":[],"Outcome":1,"ErrorMessage":null,"ErrorStackTrace":null,"DisplayName":"MatchDOB_DOB19500703_Target19600603_Result8","Messages":[],"ComputerName":"DESKTOP-21CDC4V","Duration":"00:00:00.0006600","StartTime":"2022-02-08T13:34:05.732553+00:00","EndTime":"2022-02-08T13:34:05.7332112+00:00","Properties":[]},{"TestCase":{"Id":"513dadfb-00b7-292a-7d6e-6b2ef3d9cf0f","FullyQualifiedName":"COT.UnitTest.DOBMatchTest.MatchDOB_DOB19570101_Target19570101_Result7","DisplayName":"MatchDOB_DOB19570101_Target19570101_Result7","ExecutorUri":"executor://NUnit3TestExecutor","Source":"D:\\Office\\COTFramework\\COT.API\\COT.UnitTest\\bin\\Debug\\netcoreapp3.1\\fine-code-coverage\\build-output\\COT.UnitTest.dll","CodeFilePath":null,"LineNumber":0,"Properties":[]},"Attachments":[],"Outcome":1,"ErrorMessage":null,"ErrorStackTrace":null,"DisplayName":"MatchDOB_DOB19570101_Target19570101_Result7","Messages":[],"ComputerName":"DESKTOP-21CDC4V","Duration":"00:00:00.0006200","StartTime":"2022-02-08T13:34:05.7332837+00:00","EndTime":"2022-02-08T13:34:05.7339038+00:00","Properties":[]},{"TestCase":{"Id":"91945e99-7169-cbc1-0346-8ebd2e71df2c","FullyQualifiedName":"COT.UnitTest.DOBMatchTest.MatchDOB_DOB19590919_Target19520819_Result8","DisplayName":"MatchDOB_DOB19590919_Target19520819_Result8","ExecutorUri":"executor://NUnit3TestExecutor","Source":"D:\\Office\\COTFramework\\COT.API\\COT.UnitTest\\bin\\Debug\\netcoreapp3.1\\fine-code-coverage\\build-output\\COT.UnitTest.dll","CodeFilePath":null,"LineNumber":0,"Properties":[]},"Attachments":[],"Outcome":1,"ErrorMessage":null,"ErrorStackTrace":null,"DisplayName":"MatchDOB_DOB19590919_Target19520819_Result8","Messages":[],"ComputerName":"DESKTOP-21CDC4V","Duration":"00:00:00.0005610","StartTime":"2022-02-08T13:34:05.7339496+00:00","EndTime":"2022-02-08T13:34:05.7345083+00:00","Properties":[]},{"TestCase":{"Id":"870cd026-01ba-1190-0797-f2aeb6728dc3","FullyQualifiedName":"COT.UnitTest.DOBMatchTest.MatchDOB_DOB19590919_Target19690919_Result0","DisplayName":"MatchDOB_DOB19590919_Target19690919_Result0","ExecutorUri":"executor://NUnit3TestExecutor","Source":"D:\\Office\\COTFramework\\COT.API\\COT.UnitTest\\bin\\Debug\\netcoreapp3.1\\fine-code-coverage\\build-output\\COT.UnitTest.dll","CodeFilePath":null,"LineNumber":0,"Properties":[]},"Attachments":[],"Outcome":1,"ErrorMessage":null,"ErrorStackTrace":null,"DisplayName":"MatchDOB_DOB19590919_Target19690919_Result0","Messages":[],"ComputerName":"DESKTOP-21CDC4V","Duration":"00:00:00.0004540","StartTime":"2022-02-08T13:34:05.7345866+00:00","EndTime":"2022-02-08T13:34:05.7350418+00:00","Properties":[]}],"TestRunStatistics":{"ExecutedTests":9,"Stats":{"Passed":9}},"ActiveTests":[{"Id":"7df5dd20-c652-6ffb-33a3-d091647978c9","FullyQualifiedName":"COT.UnitTest.DOBMatchTest.MatchDOB_DOB19600603_Target19680730_Result6","DisplayName":"MatchDOB_DOB19600603_Target19680730_Result6","ExecutorUri":"executor://NUnit3TestExecutor","Source":"D:\\Office\\COTFramework\\COT.API\\COT.UnitTest\\bin\\Debug\\netcoreapp3.1\\fine-code-coverage\\build-output\\COT.UnitTest.dll","CodeFilePath":null,"LineNumber":0,"Properties":[]}]}}
TpTrace Verbose: 0 : 21524, 6, 2022/02/08, 19:04:05.868, 6145481557106, vstest.console.dll, TestRunRequest:SendTestRunStatsChange: Starting.
TpTrace Verbose: 0 : 21524, 6, 2022/02/08, 19:04:05.868, 6145481559407, vstest.console.dll, InProgress is MatchDOB_DOB19600603_Target19680730_Result6
TpTrace Information: 0 : 21524, 6, 2022/02/08, 19:04:05.868, 6145481563151, vstest.console.dll, TestRunRequest:SendTestRunStatsChange: Completed.
TpTrace Verbose: 0 : 21524, 6, 2022/02/08, 19:04:05.868, 6145481564152, vstest.console.dll, TcpClientExtensions.MessageLoopAsync: Polling on remoteEndPoint: 127.0.0.1:56808 localEndPoint: 127.0.0.1:56807
TpTrace Verbose: 0 : 21524, 6, 2022/02/08, 19:04:05.879, 6145481668396, vstest.console.dll, TcpClientExtensions.MessageLoopAsync: NotifyDataAvailable remoteEndPoint: 127.0.0.1:56808 localEndPoint: 127.0.0.1:56807
TpTrace Verbose: 0 : 21524, 6, 2022/02/08, 19:04:05.879, 6145481673152, vstest.console.dll, TestRequestSender.OnExecutionMessageReceived: Received message: {"Version":5,"MessageType":"TestExecution.StatsChange","Payload":{"NewTestResults":[{"TestCase":{"Id":"7df5dd20-c652-6ffb-33a3-d091647978c9","FullyQualifiedName":"COT.UnitTest.DOBMatchTest.MatchDOB_DOB19600603_Target19680730_Result6","DisplayName":"MatchDOB_DOB19600603_Target19680730_Result6","ExecutorUri":"executor://NUnit3TestExecutor","Source":"D:\\Office\\COTFramework\\COT.API\\COT.UnitTest\\bin\\Debug\\netcoreapp3.1\\fine-code-coverage\\build-output\\COT.UnitTest.dll","CodeFilePath":null,"LineNumber":0,"Properties":[]},"Attachments":[],"Outcome":1,"ErrorMessage":null,"ErrorStackTrace":null,"DisplayName":"MatchDOB_DOB19600603_Target19680730_Result6","Messages":[],"ComputerName":"DESKTOP-21CDC4V","Duration":"00:00:00.0004090","StartTime":"2022-02-08T13:34:05.7350676+00:00","EndTime":"2022-02-08T13:34:05.7354757+00:00","Properties":[]},{"TestCase":{"Id":"de3a6052-03f0-3f5e-d308-9a365beeda35","FullyQualifiedName":"COT.UnitTest.DOBMatchTest.MatchDOB_DOB19640607_Target19640611_Result8","DisplayName":"MatchDOB_DOB19640607_Target19640611_Result8","ExecutorUri":"executor://NUnit3TestExecutor","Source":"D:\\Office\\COTFramework\\COT.API\\COT.UnitTest\\bin\\Debug\\netcoreapp3.1\\fine-code-coverage\\build-output\\COT.UnitTest.dll","CodeFilePath":null,"LineNumber":0,"Properties":[]},"Attachments":[],"Outcome":1,"ErrorMessage":null,"ErrorStackTrace":null,"DisplayName":"MatchDOB_DOB19640607_Target19640611_Result8","Messages":[],"ComputerName":"DESKTOP-21CDC4V","Duration":"00:00:00.0003340","StartTime":"2022-02-08T13:34:05.7354997+00:00","EndTime":"2022-02-08T13:34:05.7358321+00:00","Properties":[]},{"TestCase":{"Id":"68b01fb9-f666-2f28-4344-d089b0a97dae","FullyQualifiedName":"COT.UnitTest.DOBMatchTest.MatchDOB_DOB19640607_Target19641010_Result0","DisplayName":"MatchDOB_DOB19640607_Target19641010_Result0","ExecutorUri":"executor://NUnit3TestExecutor","Source":"D:\\Office\\COTFramework\\COT.API\\COT.UnitTest\\bin\\Debug\\netcoreapp3.1\\fine-code-coverage\\build-output\\COT.UnitTest.dll","CodeFilePath":null,"LineNumber":0,"Properties":[]},"Attachments":[],"Outcome":1,"ErrorMessage":null,"ErrorStackTrace":null,"DisplayName":"MatchDOB_DOB19640607_Target19641010_Result0","Messages":[],"ComputerName":"DESKTOP-21CDC4V","Duration":"00:00:00.0003230","StartTime":"2022-02-08T13:34:05.735855+00:00","EndTime":"2022-02-08T13:34:05.7361765+00:00","Properties":[]},{"TestCase":{"Id":"fceea735-8687-bc7b-c4a3-0d756f0089e4","FullyQualifiedName":"COT.UnitTest.DOBMatchTest.MatchDOB_DOB19640607_Target19680808_Result0","DisplayName":"MatchDOB_DOB19640607_Target19680808_Result0","ExecutorUri":"executor://NUnit3TestExecutor","Source":"D:\\Office\\COTFramework\\COT.API\\COT.UnitTest\\bin\\Debug\\netcoreapp3.1\\fine-code-coverage\\build-output\\COT.UnitTest.dll","CodeFilePath":null,"LineNumber":0,"Properties":[]},"Attachments":[],"Outcome":1,"ErrorMessage":null,"ErrorStackTrace":null,"DisplayName":"MatchDOB_DOB19640607_Target19680808_Result0","Messages":[],"ComputerName":"DESKTOP-21CDC4V","Duration":"00:00:00.0004840","StartTime":"2022-02-08T13:34:05.7362384+00:00","EndTime":"2022-02-08T13:34:05.7367241+00:00","Properties":[]},{"TestCase":{"Id":"69a2b475-e304-aa57-d89b-4676549ac192","FullyQualifiedName":"COT.UnitTest.DOBMatchTest.MatchDOB_DOB19930707_Target19930707_Result9","DisplayName":"MatchDOB_DOB19930707_Target19930707_Result9","ExecutorUri":"executor://NUnit3TestExecutor","Source":"D:\\Office\\COTFramework\\COT.API\\COT.UnitTest\\bin\\Debug\\netcoreapp3.1\\fine-code-coverage\\build-output\\COT.UnitTest.dll","CodeFilePath":null,"LineNumber":0,"Properties":[]},"Attachments":[],"Outcome":1,"ErrorMessage":null,"ErrorStackTrace":null,"DisplayName":"MatchDOB_DOB19930707_Target19930707_Result9","Messages":[],"ComputerName":"DESKTOP-21CDC4V","Duration":"00:00:00.0017700","StartTime":"2022-02-08T13:34:05.7367552+00:00","EndTime":"2022-02-08T13:34:05.7385227+00:00","Properties":[]},{"TestCase":{"Id":"83e49863-43d2-0064-6c16-0525e68b2c33","FullyQualifiedName":"COT.UnitTest.DOBMatchTest.Valid_Input1957_03_03_ResultTrue","DisplayName":"Valid_Input1957_03_03_ResultTrue","ExecutorUri":"executor://NUnit3TestExecutor","Source":"D:\\Office\\COTFramework\\COT.API\\COT.UnitTest\\bin\\Debug\\netcoreapp3.1\\fine-code-coverage\\build-output\\COT.UnitTest.dll","CodeFilePath":null,"LineNumber":0,"Properties":[]},"Attachments":[],"Outcome":1,"ErrorMessage":null,"ErrorStackTrace":null,"DisplayName":"Valid_Input1957_03_03_ResultTrue","Messages":[],"ComputerName":"DESKTOP-21CDC4V","Duration":"00:00:00.0071900","StartTime":"2022-02-08T13:34:05.7387576+00:00","EndTime":"2022-02-08T13:34:05.745947+00:00","Properties":[]},{"TestCase":{"Id":"14cd59af-5612-ace8-4859-390b6a27cfbc","FullyQualifiedName":"COT.UnitTest.DOBMatchTest.ValidateInputDOB_19500703_ResultTrue","DisplayName":"ValidateInputDOB_19500703_ResultTrue","ExecutorUri":"executor://NUnit3TestExecutor","Source":"D:\\Office\\COTFramework\\COT.API\\COT.UnitTest\\bin\\Debug\\netcoreapp3.1\\fine-code-coverage\\build-output\\COT.UnitTest.dll","CodeFilePath":null,"LineNumber":0,"Properties":[]},"Attachments":[],"Outcome":1,"ErrorMessage":null,"ErrorStackTrace":null,"DisplayName":"ValidateInputDOB_19500703_ResultTrue","Messages":[],"ComputerName":"DESKTOP-21CDC4V","Duration":"00:00:00.0005730","StartTime":"2022-02-08T13:34:05.7459798+00:00","EndTime":"2022-02-08T13:34:05.7465508+00:00","Properties":[]},{"TestCase":{"Id":"f48f2fd0-a8a3-cc6e-02d3-bda3af1b8106","FullyQualifiedName":"COT.UnitTest.UtilityTest.CommonUtility_ValidateByMonth","DisplayName":"CommonUtility_ValidateByMonth","ExecutorUri":"executor://NUnit3TestExecutor","Source":"D:\\Office\\COTFramework\\COT.API\\COT.UnitTest\\bin\\Debug\\netcoreapp3.1\\fine-code-coverage\\build-output\\COT.UnitTest.dll","CodeFilePath":null,"LineNumber":0,"Properties":[]},"Attachments":[],"Outcome":1,"ErrorMessage":null,"ErrorStackTrace":null,"DisplayName":"CommonUtility_ValidateByMonth","Messages":[],"ComputerName":"DESKTOP-21CDC4V","Duration":"00:00:00.0005160","StartTime":"2022-02-08T13:34:05.7469397+00:00","EndTime":"2022-02-08T13:34:05.7474538+00:00","Properties":[]},{"TestCase":{"Id":"ba15f7f2-fc45-1bbc-0093-174bc8f8a28a","FullyQualifiedName":"COT.UnitTest.UtilityTest.Models_Validate_DOBInput","DisplayName":"Models_Validate_DOBInput","ExecutorUri":"executor://NUnit3TestExecutor","Source":"D:\\Office\\COTFramework\\COT.API\\COT.UnitTest\\bin\\Debug\\netcoreapp3.1\\fine-code-coverage\\build-output\\COT.UnitTest.dll","CodeFilePath":null,"LineNumber":0,"Properties":[]},"Attachments":[],"Outcome":1,"ErrorMessage":null,"ErrorStackTrace":null,"DisplayName":"Models_Validate_DOBInput","Messages":[],"ComputerName":"DESKTOP-21CDC4V","Duration":"00:00:00.0008150","StartTime":"2022-02-08T13:34:05.7474803+00:00","EndTime":"2022-02-08T13:34:05.7482919+00:00","Properties":[]}],"TestRunStatistics":{"ExecutedTests":18,"Stats":{"Passed":18}},"ActiveTests":[{"Id":"db9b1aec-2aa4-efae-fc7c-7eabec01ad8c","FullyQualifiedName":"COT.UnitTest.UtilityTest.Models_Validate_DOBMatchRequest","DisplayName":"Models_Validate_DOBMatchRequest","ExecutorUri":"executor://NUnit3TestExecutor","Source":"D:\\Office\\COTFramework\\COT.API\\COT.UnitTest\\bin\\Debug\\netcoreapp3.1\\fine-code-coverage\\build-output\\COT.UnitTest.dll","CodeFilePath":null,"LineNumber":0,"Properties":[]}]}}
TpTrace Verbose: 0 : 21524, 6, 2022/02/08, 19:04:05.883, 6145481708318, vstest.console.dll, TestRunRequest:SendTestRunStatsChange: Starting.
TpTrace Verbose: 0 : 21524, 6, 2022/02/08, 19:04:05.883, 6145481709679, vstest.console.dll, InProgress is Models_Validate_DOBMatchRequest
TpTrace Information: 0 : 21524, 6, 2022/02/08, 19:04:05.883, 6145481710867, vstest.console.dll, TestRunRequest:SendTestRunStatsChange: Completed.
TpTrace Verbose: 0 : 21524, 6, 2022/02/08, 19:04:05.883, 6145481711784, vstest.console.dll, TcpClientExtensions.MessageLoopAsync: Polling on remoteEndPoint: 127.0.0.1:56808 localEndPoint: 127.0.0.1:56807
TpTrace Verbose: 0 : 21524, 6, 2022/02/08, 19:04:05.891, 6145481789937, vstest.console.dll, TcpClientExtensions.MessageLoopAsync: NotifyDataAvailable remoteEndPoint: 127.0.0.1:56808 localEndPoint: 127.0.0.1:56807
TpTrace Verbose: 0 : 21524, 6, 2022/02/08, 19:04:05.891, 6145481792041, vstest.console.dll, TestRequestSender.OnExecutionMessageReceived: Received message: {"Version":5,"MessageType":"TestSession.Message","Payload":{"MessageLevel":0,"Message":"NUnit Adapter 3.17.0.0: Test execution complete"}}
TpTrace Verbose: 0 : 21524, 6, 2022/02/08, 19:04:05.891, 6145481794480, vstest.console.dll, TestRunRequest:SendTestRunMessage: Starting.
TpTrace Information: 0 : 21524, 6, 2022/02/08, 19:04:05.892, 6145481795925, vstest.console.dll, TestRunRequest:SendTestRunMessage: Completed.
TpTrace Verbose: 0 : 21524, 6, 2022/02/08, 19:04:05.892, 6145481796933, vstest.console.dll, TcpClientExtensions.MessageLoopAsync: Polling on remoteEndPoint: 127.0.0.1:56808 localEndPoint: 127.0.0.1:56807
TpTrace Verbose: 0 : 21524, 6, 2022/02/08, 19:04:05.924, 6145482122093, vstest.console.dll, TcpClientExtensions.MessageLoopAsync: NotifyDataAvailable remoteEndPoint: 127.0.0.1:56808 localEndPoint: 127.0.0.1:56807
TpTrace Verbose: 0 : 21524, 6, 2022/02/08, 19:04:05.924, 6145482124804, vstest.console.dll, TestRequestSender.OnExecutionMessageReceived: Received message: {"Version":5,"MessageType":"TestExecution.Completed","Payload":{"TestRunCompleteArgs":{"TestRunStatistics":{"ExecutedTests":19,"Stats":{"Passed":19}},"IsCanceled":false,"IsAborted":false,"Error":null,"AttachmentSets":[],"ElapsedTimeInRunningTests":"00:00:01.6534145","Metrics":{}},"LastRunTests":{"NewTestResults":[{"TestCase":{"Id":"db9b1aec-2aa4-efae-fc7c-7eabec01ad8c","FullyQualifiedName":"COT.UnitTest.UtilityTest.Models_Validate_DOBMatchRequest","DisplayName":"Models_Validate_DOBMatchRequest","ExecutorUri":"executor://NUnit3TestExecutor","Source":"D:\\Office\\COTFramework\\COT.API\\COT.UnitTest\\bin\\Debug\\netcoreapp3.1\\fine-code-coverage\\build-output\\COT.UnitTest.dll","CodeFilePath":null,"LineNumber":0,"Properties":[]},"Attachments":[],"Outcome":1,"ErrorMessage":null,"ErrorStackTrace":null,"DisplayName":"Models_Validate_DOBMatchRequest","Messages":[],"ComputerName":"DESKTOP-21CDC4V","Duration":"00:00:00.0005640","StartTime":"2022-02-08T13:34:05.7483352+00:00","EndTime":"2022-02-08T13:34:05.7488967+00:00","Properties":[]}],"TestRunStatistics":{"ExecutedTests":19,"Stats":{"Passed":19}},"ActiveTests":[]},"RunAttachments":[],"ExecutorUris":["executor://nunit3testexecutor/"]}}
TpTrace Verbose: 0 : 21524, 6, 2022/02/08, 19:04:05.925, 6145482128408, vstest.console.dll, TestRequestSender.EndSession: Sending end session.
TpTrace Verbose: 0 : 21524, 6, 2022/02/08, 19:04:05.925, 6145482130651, vstest.console.dll, ProxyOperationManager.Close: waiting for test host to exit for 100 ms
TpTrace Warning: 0 : 21524, 10, 2022/02/08, 19:04:05.975, 6145482631537, vstest.console.dll, TestHostManagerCallbacks.ErrorReceivedCallback Test host standard error line: 
TpTrace Verbose: 0 : 21524, 7, 2022/02/08, 19:04:05.997, 6145482847125, vstest.console.dll, TestHostProvider.ExitCallBack: Host exited starting callback.
TpTrace Information: 0 : 21524, 7, 2022/02/08, 19:04:05.998, 6145482858024, vstest.console.dll, TestHostManagerCallbacks.ExitCallBack: Testhost processId: 3672 exited with exitcode: 0 error: ''
TpTrace Verbose: 0 : 21524, 7, 2022/02/08, 19:04:05.998, 6145482859657, vstest.console.dll, DotnetTestHostManager.OnHostExited: invoking OnHostExited callback
TpTrace Verbose: 0 : 21524, 7, 2022/02/08, 19:04:05.998, 6145482860920, vstest.console.dll, CrossPlatEngine.TestHostManagerHostExited: calling on client process exit callback.
TpTrace Information: 0 : 21524, 7, 2022/02/08, 19:04:05.998, 6145482862505, vstest.console.dll, TestRequestSender.OnClientProcessExit: Test host process exited. Standard error: 
TpTrace Warning: 0 : 21524, 6, 2022/02/08, 19:04:05.998, 6145482862688, vstest.console.dll, ProxyOperationManager: Timed out waiting for test host to exit. Will terminate process.
TpTrace Information: 0 : 21524, 7, 2022/02/08, 19:04:05.998, 6145482863772, vstest.console.dll, SocketServer.Stop: Stop server endPoint: 127.0.0.1:56807
TpTrace Information: 0 : 21524, 7, 2022/02/08, 19:04:05.999, 6145482866065, vstest.console.dll, SocketServer.Stop: Cancellation requested. Stopping message loop.
TpTrace Verbose: 0 : 21524, 6, 2022/02/08, 19:04:06.000, 6145482877102, vstest.console.dll, ProxyDataCollectionManager.InvokeDataCollectionServiceAction: Starting.
TpTrace Information: 0 : 21524, 6, 2022/02/08, 19:04:06.000, 6145482878842, vstest.console.dll, ProxyDataCollectionManager.AfterTestRunEnd: Get attachment set for datacollector processId: 21416 port: 56803
TpTrace Verbose: 0 : 21524, 6, 2022/02/08, 19:04:06.000, 6145482879962, vstest.console.dll, DataCollectionRequestSender.SendAfterTestRunStartAndGetResult : Send AfterTestRunEnd message with isCancelled: False
TpTrace Verbose: 0 : 21524, 6, 2022/02/08, 19:04:06.009, 6145482975837, vstest.console.dll, DataCollectionRequestSender.SendAfterTestRunStartAndGetResult : Received message: (DataCollection.AfterTestRunEndResult) -> {
  "AttachmentSets": [],
  "Metrics": {}
}
TpTrace Information: 0 : 21524, 6, 2022/02/08, 19:04:06.016, 6145483038053, vstest.console.dll, ProxyDataCollectionManager.InvokeDataCollectionServiceAction: Completed.
TpTrace Warning: 0 : 21524, 9, 2022/02/08, 19:04:06.019, 6145483069834, vstest.console.dll, DataCollectionLauncher.ErrorReceivedCallback datacollector standard error line: 
TpTrace Information: 0 : 21524, 7, 2022/02/08, 19:04:06.033, 6145483211157, vstest.console.dll, DataCollectionLauncher.ExitCallBack: Data collector exited with exitcode: 0 error: ''
TpTrace Verbose: 0 : 21524, 6, 2022/02/08, 19:04:06.066, 6145483540863, vstest.console.dll, TestRunRequest:SendTestRunStatsChange: Starting.
TpTrace Information: 0 : 21524, 6, 2022/02/08, 19:04:06.066, 6145483543140, vstest.console.dll, TestRunRequest:SendTestRunStatsChange: Completed.
TpTrace Verbose: 0 : 21524, 6, 2022/02/08, 19:04:06.067, 6145483548392, vstest.console.dll, ParallelProxyExecutionManager: HandlePartialRunComplete: Total completed clients = 1, Run complete = True, Run canceled: False.
TpTrace Verbose: 0 : 21524, 6, 2022/02/08, 19:04:06.113, 6145484012917, vstest.console.dll, TestRunRequest:TestRunComplete: Starting. IsAborted:False IsCanceled:False.
TpTrace Verbose: 0 : 21524, 6, 2022/02/08, 19:04:06.114, 6145484016071, vstest.console.dll, TestLoggerManager.HandleTestRunComplete: Ignoring as the object is disposed.
TpTrace Information: 0 : 21524, 6, 2022/02/08, 19:04:06.114, 6145484021277, vstest.console.dll, TestRunRequest:TestRunComplete: Completed.
TpTrace Verbose: 0 : 21524, 1, 2022/02/08, 19:04:06.114, 6145484022037, vstest.console.dll, TestRunRequest.Dispose: Starting.
TpTrace Verbose: 0 : 21524, 6, 2022/02/08, 19:04:06.114, 6145484022634, vstest.console.dll, TestRequestSender.SetOperationComplete: Setting operation complete.
TpTrace Information: 0 : 21524, 1, 2022/02/08, 19:04:06.114, 6145484024162, vstest.console.dll, TestRunRequest.Dispose: Completed.
TpTrace Information: 0 : 21524, 6, 2022/02/08, 19:04:06.114, 6145484025260, vstest.console.dll, SocketServer.Stop: Stop server endPoint: 127.0.0.1:56807
TpTrace Information: 0 : 21524, 1, 2022/02/08, 19:04:06.115, 6145484026554, vstest.console.dll, TestRequestManager.RunTests: run tests completed.
TpTrace Information: 0 : 21524, 6, 2022/02/08, 19:04:06.115, 6145484027235, vstest.console.dll, SocketServer.Stop: Cancellation requested. Stopping message loop.
TpTrace Information: 0 : 21524, 1, 2022/02/08, 19:04:06.115, 6145484029066, vstest.console.dll, RunTestsArgumentProcessor:Execute: Test run is completed.
TpTrace Information: 0 : 21524, 6, 2022/02/08, 19:04:06.115, 6145484029158, vstest.console.dll, SocketServer.PrivateStop: Stop server endPoint: 127.0.0.1:56807 error: 
TpTrace Verbose: 0 : 21524, 1, 2022/02/08, 19:04:06.115, 6145484032286, vstest.console.dll, Executor.Execute: Exiting with exit code of 0
TpTrace Verbose: 0 : 21524, 6, 2022/02/08, 19:04:06.116, 6145484038128, vstest.console.dll, LengthPrefixCommunicationChannel.Dispose: Dispose reader and writer.
TpTrace Information: 0 : 21524, 6, 2022/02/08, 19:04:06.116, 6145484039802, vstest.console.dll, SocketServer.Stop: Raise disconnected event endPoint: 127.0.0.1:56807 error: 
TpTrace Verbose: 0 : 21524, 6, 2022/02/08, 19:04:06.116, 6145484041381, vstest.console.dll, TestRequestSender: OnTestRunAbort: Operation is already complete. Skip error message.
TpTrace Verbose: 0 : 21524, 6, 2022/02/08, 19:04:06.116, 6145484042122, vstest.console.dll, TcpClientExtensions.MessageLoopAsync: exiting MessageLoopAsync remoteEndPoint: 127.0.0.1:56808 localEndPoint: 127.0.0.1:56807
